C:\Program Files (x86)\Microsoft Visual Studio\2019\Community\MSBuild\Current\Bin\Microsoft.Common.CurrentVersion.targets(290,5): warning MSB4211: The property "TargetPath" is being set to a value for the first time, but it was already consumed at "C:\Program Files (x86)\Microsoft Visual Studio\2019\Community\MSBuild\Microsoft\VC\v160\Microsoft.MakeFile.Targets (25,5)".
  	checktoolarch amd64
  	cd C:\Users\Administrator\Desktop\CSC362_Windows_Resources\WindowsResearchKernel-WRK\WRK-v1.2\base\ntos\rtl\BUILD
  	ml64.exe -nologo -Cx -Zi  -I..\amd64 -I. -IC:\Users\Administrator\Desktop\CSC362_Windows_Resources\WindowsResearchKernel-WRK\WRK-v1.2\base\ntos\rtl -IC:\Users\Administrator\Desktop\CSC362_Windows_Resources\WindowsResearchKernel-WRK\WRK-v1.2\base\ntos\inc -IC:\Users\Administrator\Desktop\CSC362_Windows_Resources\WindowsResearchKernel-WRK\WRK-v1.2\base\ntos\..\..\public\ddk\inc -IC:\Users\Administrator\Desktop\CSC362_Windows_Resources\WindowsResearchKernel-WRK\WRK-v1.2\base\ntos\..\..\public\internal\ds\inc -IC:\Users\Administrator\Desktop\CSC362_Windows_Resources\WindowsResearchKernel-WRK\WRK-v1.2\base\ntos\..\..\public\internal\sdktools\inc  -IC:\Users\Administrator\Desktop\CSC362_Windows_Resources\WindowsResearchKernel-WRK\WRK-v1.2\base\ntos\..\inc -IC:\Users\Administrator\Desktop\CSC362_Windows_Resources\WindowsResearchKernel-WRK\WRK-v1.2\base\ntos\..\..\public\internal\base\inc -IC:\Users\Administrator\Desktop\CSC362_Windows_Resources\WindowsResearchKernel-WRK\WRK-v1.2\base\ntos\..\..\public\sdk\inc -IC:\Users\Administrator\Desktop\CSC362_Windows_Resources\WindowsResearchKernel-WRK\WRK-v1.2\base\ntos\..\..\public\sdk\inc\crt -IC:\Users\Administrator\Desktop\CSC362_Windows_Resources\WindowsResearchKernel-WRK\WRK-v1.2\base\ntos\..\..\public\halkit\inc -Foobjamd64\ -D_WIN64 -D_AMD64_ -DAMD64 -DCONDITION_HANDLING=1 -DNT_INST=0 -DWIN32=100 -D_NT1X_=100 -DWINNT=1  -D_WIN32_WINNT=0x0502 -DWINVER=0x0502 -D_WIN32_IE=0x0603 -DWIN32_LEAN_AND_MEAN=1 -DDBG=0 -DDEVL=1  -D__BUILDMACHINE__=WRK1.2(university) -DNDEBUG  -D_NTSYSTEM_ -DNT_SMT -DNTOS_KERNEL_RUNTIME=1  -c ..\amd64\capture.asm ..\amd64\chkstk.asm ..\amd64\debugstb.asm ..\amd64\movemem.asm ..\amd64\slist.asm ..\amd64\xcptmisc.asm 
   Assembling: ..\amd64\xcptmisc.asm
   Assembling: ..\amd64\slist.asm
   Assembling: ..\amd64\movemem.asm
   Assembling: ..\amd64\debugstb.asm
   Assembling: ..\amd64\chkstk.asm
   Assembling: ..\amd64\capture.asm
  	cl.exe -nologo -Zl -Zp8 -Gy -cbstring -W3 -WX -GR- -GF -GS -Wp64 -Oxt -EHs-c- /Oxt -Gs12288 -GL- -MT -U_MT -I..\amd64 -I. -IC:\Users\Administrator\Desktop\CSC362_Windows_Resources\WindowsResearchKernel-WRK\WRK-v1.2\base\ntos\rtl -IC:\Users\Administrator\Desktop\CSC362_Windows_Resources\WindowsResearchKernel-WRK\WRK-v1.2\base\ntos\inc -IC:\Users\Administrator\Desktop\CSC362_Windows_Resources\WindowsResearchKernel-WRK\WRK-v1.2\base\ntos\..\..\public\ddk\inc -IC:\Users\Administrator\Desktop\CSC362_Windows_Resources\WindowsResearchKernel-WRK\WRK-v1.2\base\ntos\..\..\public\internal\ds\inc -IC:\Users\Administrator\Desktop\CSC362_Windows_Resources\WindowsResearchKernel-WRK\WRK-v1.2\base\ntos\..\..\public\internal\sdktools\inc  -IC:\Users\Administrator\Desktop\CSC362_Windows_Resources\WindowsResearchKernel-WRK\WRK-v1.2\base\ntos\..\inc -IC:\Users\Administrator\Desktop\CSC362_Windows_Resources\WindowsResearchKernel-WRK\WRK-v1.2\base\ntos\..\..\public\internal\base\inc -IC:\Users\Administrator\Desktop\CSC362_Windows_Resources\WindowsResearchKernel-WRK\WRK-v1.2\base\ntos\..\..\public\sdk\inc -IC:\Users\Administrator\Desktop\CSC362_Windows_Resources\WindowsResearchKernel-WRK\WRK-v1.2\base\ntos\..\..\public\sdk\inc\crt -IC:\Users\Administrator\Desktop\CSC362_Windows_Resources\WindowsResearchKernel-WRK\WRK-v1.2\base\ntos\..\..\public\halkit\inc -Foobjamd64\ -D_WIN64 -D_AMD64_ -DAMD64 -DCONDITION_HANDLING=1 -DNT_INST=0 -DWIN32=100 -D_NT1X_=100 -DWINNT=1  -D_WIN32_WINNT=0x0502 -DWINVER=0x0502 -D_WIN32_IE=0x0603 -DWIN32_LEAN_AND_MEAN=1 -DDBG=0 -DDEVL=1  -D__BUILDMACHINE__=WRK1.2(university) -DNDEBUG  -D_NTSYSTEM_ -DNT_SMT -DNTOS_KERNEL_RUNTIME=1  -FIC:\Users\Administrator\Desktop\CSC362_Windows_Resources\WindowsResearchKernel-WRK\WRK-v1.2\base\ntos\BUILD\WARNING.h -c ..\amd64\context.c ..\amd64\exdsptch.c ..\amd64\misalign.c ..\amd64\raise.c ..\amd64\stkwalk.c 
  context.c
  exdsptch.c
  misalign.c
  raise.c
  stkwalk.c
  Generating Code...
  	cl.exe -nologo -Zl -Zp8 -Gy -cbstring -W3 -WX -GR- -GF -GS -Wp64 -Oxt -EHs-c- /Oxt -Gs12288 -GL- -MT -U_MT -I..\amd64 -I. -IC:\Users\Administrator\Desktop\CSC362_Windows_Resources\WindowsResearchKernel-WRK\WRK-v1.2\base\ntos\rtl -IC:\Users\Administrator\Desktop\CSC362_Windows_Resources\WindowsResearchKernel-WRK\WRK-v1.2\base\ntos\inc -IC:\Users\Administrator\Desktop\CSC362_Windows_Resources\WindowsResearchKernel-WRK\WRK-v1.2\base\ntos\..\..\public\ddk\inc -IC:\Users\Administrator\Desktop\CSC362_Windows_Resources\WindowsResearchKernel-WRK\WRK-v1.2\base\ntos\..\..\public\internal\ds\inc -IC:\Users\Administrator\Desktop\CSC362_Windows_Resources\WindowsResearchKernel-WRK\WRK-v1.2\base\ntos\..\..\public\internal\sdktools\inc  -IC:\Users\Administrator\Desktop\CSC362_Windows_Resources\WindowsResearchKernel-WRK\WRK-v1.2\base\ntos\..\inc -IC:\Users\Administrator\Desktop\CSC362_Windows_Resources\WindowsResearchKernel-WRK\WRK-v1.2\base\ntos\..\..\public\internal\base\inc -IC:\Users\Administrator\Desktop\CSC362_Windows_Resources\WindowsResearchKernel-WRK\WRK-v1.2\base\ntos\..\..\public\sdk\inc -IC:\Users\Administrator\Desktop\CSC362_Windows_Resources\WindowsResearchKernel-WRK\WRK-v1.2\base\ntos\..\..\public\sdk\inc\crt -IC:\Users\Administrator\Desktop\CSC362_Windows_Resources\WindowsResearchKernel-WRK\WRK-v1.2\base\ntos\..\..\public\halkit\inc -Foobjamd64\ -D_WIN64 -D_AMD64_ -DAMD64 -DCONDITION_HANDLING=1 -DNT_INST=0 -DWIN32=100 -D_NT1X_=100 -DWINNT=1  -D_WIN32_WINNT=0x0502 -DWINVER=0x0502 -D_WIN32_IE=0x0603 -DWIN32_LEAN_AND_MEAN=1 -DDBG=0 -DDEVL=1  -D__BUILDMACHINE__=WRK1.2(university) -DNDEBUG  -D_NTSYSTEM_ -DNT_SMT -DNTOS_KERNEL_RUNTIME=1  -FIC:\Users\Administrator\Desktop\CSC362_Windows_Resources\WindowsResearchKernel-WRK\WRK-v1.2\base\ntos\BUILD\WARNING.h -c ..\byteswap.c ..\acledit.c ..\add2stra.c ..\add2strw.c ..\assert.c ..\atom.c ..\avltable.c ..\bitmap.c ..\cnvint.c ..\debug.c ..\eballoc.c ..\environ.c ..\error.c ..\excptdbg.c ..\gentable.c ..\guid.c ..\imagedir.c ..\rtlnthdr.c ..\intbits.c ..\ldrrsrc.c ..\ldrreloc.c ..\lookup.c ..\message.c ..\nls.c ..\nlsxlat.c ..\pctohdr.c ..\peb.c ..\prefix.c ..\regutil.c ..\rtlassig.c ..\rtldata.c ..\rtlexec.c ..\sertl.c ..\splay.c ..\str2adda.c ..\str2addw.c ..\string.c ..\stktrace.c ..\sysvol.c ..\time.c ..\tracedb.c 
  byteswap.c
  acledit.c
  add2stra.c
  add2strw.c
  assert.c
  atom.c
  avltable.c
  bitmap.c
  cnvint.c
  debug.c
  eballoc.c
  environ.c
  error.c
  excptdbg.c
  gentable.c
  guid.c
  imagedir.c
  rtlnthdr.c
  intbits.c
  ldrrsrc.c
  Generating Code...
  Compiling...
  ldrreloc.c
  lookup.c
  message.c
  nls.c
  nlsxlat.c
  pctohdr.c
  peb.c
  prefix.c
  regutil.c
  rtlassig.c
  rtldata.c
  rtlexec.c
  sertl.c
  splay.c
  str2adda.c
  str2addw.c
  string.c
  stktrace.c
  sysvol.c
  time.c
  Generating Code...
  Compiling...
  tracedb.c
  Generating Code...
  linking ntosrtl.lib
  	lib.exe -nologo -IGNORE:4108,4088,4218,4218,4235 -IGNORE:4010,4037,4039,4065,4070,4078,4087,4089,4221,4198 -WX -nodefaultlib -machine:amd64 -out:C:\Users\Administrator\Desktop\CSC362_Windows_Resources\WindowsResearchKernel-WRK\WRK-v1.2\base\ntos\BUILD\objamd64\ntosrtl.lib objamd64\capture.obj objamd64\chkstk.obj objamd64\debugstb.obj objamd64\movemem.obj objamd64\slist.obj objamd64\xcptmisc.obj objamd64\context.obj objamd64\exdsptch.obj objamd64\misalign.obj objamd64\raise.obj objamd64\stkwalk.obj objamd64\byteswap.obj objamd64\acledit.obj objamd64\add2stra.obj objamd64\add2strw.obj objamd64\assert.obj objamd64\atom.obj objamd64\avltable.obj objamd64\bitmap.obj objamd64\cnvint.obj objamd64\debug.obj objamd64\eballoc.obj objamd64\environ.obj objamd64\error.obj objamd64\excptdbg.obj objamd64\gentable.obj objamd64\guid.obj objamd64\imagedir.obj objamd64\rtlnthdr.obj objamd64\intbits.obj objamd64\ldrrsrc.obj objamd64\ldrreloc.obj objamd64\lookup.obj objamd64\message.obj objamd64\nls.obj objamd64\nlsxlat.obj objamd64\pctohdr.obj objamd64\peb.obj objamd64\prefix.obj objamd64\regutil.obj objamd64\rtlassig.obj objamd64\rtldata.obj objamd64\rtlexec.obj objamd64\sertl.obj objamd64\splay.obj objamd64\str2adda.obj objamd64\str2addw.obj objamd64\string.obj objamd64\stktrace.obj objamd64\sysvol.obj objamd64\time.obj objamd64\tracedb.obj
  	cd C:\Users\Administrator\Desktop\CSC362_Windows_Resources\WindowsResearchKernel-WRK\WRK-v1.2\base\ntos\config\BUILD
  	cl.exe -nologo -Zl -Zp8 -Gy -cbstring -W3 -WX -GR- -GF -GS -Wp64 -Oxt -EHs-c- /Oxt -Gs12288 -GL- -MT -U_MT -I..\amd64 -I. -IC:\Users\Administrator\Desktop\CSC362_Windows_Resources\WindowsResearchKernel-WRK\WRK-v1.2\base\ntos\config -IC:\Users\Administrator\Desktop\CSC362_Windows_Resources\WindowsResearchKernel-WRK\WRK-v1.2\base\ntos\inc -IC:\Users\Administrator\Desktop\CSC362_Windows_Resources\WindowsResearchKernel-WRK\WRK-v1.2\base\ntos\..\..\public\ddk\inc -IC:\Users\Administrator\Desktop\CSC362_Windows_Resources\WindowsResearchKernel-WRK\WRK-v1.2\base\ntos\..\..\public\internal\ds\inc -IC:\Users\Administrator\Desktop\CSC362_Windows_Resources\WindowsResearchKernel-WRK\WRK-v1.2\base\ntos\..\..\public\internal\sdktools\inc  -IC:\Users\Administrator\Desktop\CSC362_Windows_Resources\WindowsResearchKernel-WRK\WRK-v1.2\base\ntos\..\inc -IC:\Users\Administrator\Desktop\CSC362_Windows_Resources\WindowsResearchKernel-WRK\WRK-v1.2\base\ntos\..\..\public\internal\base\inc -IC:\Users\Administrator\Desktop\CSC362_Windows_Resources\WindowsResearchKernel-WRK\WRK-v1.2\base\ntos\..\..\public\sdk\inc -IC:\Users\Administrator\Desktop\CSC362_Windows_Resources\WindowsResearchKernel-WRK\WRK-v1.2\base\ntos\..\..\public\sdk\inc\crt -IC:\Users\Administrator\Desktop\CSC362_Windows_Resources\WindowsResearchKernel-WRK\WRK-v1.2\base\ntos\..\..\public\halkit\inc -Foobjamd64\ -D_WIN64 -D_AMD64_ -DAMD64 -DCONDITION_HANDLING=1 -DNT_INST=0 -DWIN32=100 -D_NT1X_=100 -DWINNT=1  -D_WIN32_WINNT=0x0502 -DWINVER=0x0502 -D_WIN32_IE=0x0603 -DWIN32_LEAN_AND_MEAN=1 -DDBG=0 -DDEVL=1  -D__BUILDMACHINE__=WRK1.2(university) -DNDEBUG  -D_NTSYSTEM_ -DNT_SMT -DNTOS_KERNEL_RUNTIME=1 -D_WANT_MACHINE_IDENTIFICATION -FIC:\Users\Administrator\Desktop\CSC362_Windows_Resources\WindowsResearchKernel-WRK\WRK-v1.2\base\ntos\BUILD\WARNING.h -c ..\cmapi.c ..\cmapi2.c ..\cmboot.c ..\cmchek.c ..\cmchek2.c ..\cmclose.c ..\cmconfig.c ..\cmcontrl.c ..\cmdat.c ..\cmdat2.c ..\cmdatini.c ..\cmdelete.c ..\cmgquota.c ..\cmhvlist.c ..\cmindex.c ..\cminit.c ..\cmname.c ..\cmnotify.c ..\cmparse.c ..\cmparse2.c ..\cmquery.c ..\cmsavres.c ..\cmsubs.c ..\cmsubs2.c ..\cmsubs3.c ..\cmse.c ..\cmsysini.c ..\cmtrecpy.c ..\cmtredel.c ..\cmtree.c ..\cmworker.c ..\cmwrapr.c ..\cmwrapr2.c ..\cmwmi.c ..\cmmapvw.c ..\cmdelay.c ..\cmvalue.c ..\cmsecache.c ..\cmdown.c ..\cmalloc.c ..\cmhook.c ..\hivebin.c ..\hivecell.c ..\hivechek.c ..\hivefree.c ..\hiveinit.c ..\hiveload.c ..\hivemap.c ..\hivesum.c ..\hivesync.c ..\hivehint.c ..\ntapi.c 
  cmapi.c
  cmapi2.c
  cmboot.c
  cmchek.c
  cmchek2.c
  cmclose.c
  cmconfig.c
  cmcontrl.c
  cmdat.c
  cmdat2.c
  cmdatini.c
  cmdelete.c
  cmgquota.c
  cmhvlist.c
  cmindex.c
  cminit.c
  cmname.c
  cmnotify.c
  cmparse.c
  cmparse2.c
  Generating Code...
  Compiling...
  cmquery.c
  cmsavres.c
  cmsubs.c
  cmsubs2.c
  cmsubs3.c
  cmse.c
  cmsysini.c
  cmtrecpy.c
  cmtredel.c
  cmtree.c
  cmworker.c
  cmwrapr.c
  cmwrapr2.c
  cmwmi.c
  cmmapvw.c
  cmdelay.c
  cmvalue.c
  cmsecache.c
  cmdown.c
  cmalloc.c
  Generating Code...
  Compiling...
  cmhook.c
  hivebin.c
  hivecell.c
  hivechek.c
  hivefree.c
  hiveinit.c
  hiveload.c
  hivemap.c
  hivesum.c
  hivesync.c
  hivehint.c
  ntapi.c
  Generating Code...
  linking config.lib
  	lib.exe -nologo -IGNORE:4108,4088,4218,4218,4235 -IGNORE:4010,4037,4039,4065,4070,4078,4087,4089,4221,4198 -WX -nodefaultlib -machine:amd64 -out:C:\Users\Administrator\Desktop\CSC362_Windows_Resources\WindowsResearchKernel-WRK\WRK-v1.2\base\ntos\BUILD\objamd64\config.lib objamd64\cmapi.obj objamd64\cmapi2.obj objamd64\cmboot.obj objamd64\cmchek.obj objamd64\cmchek2.obj objamd64\cmclose.obj objamd64\cmconfig.obj objamd64\cmcontrl.obj objamd64\cmdat.obj objamd64\cmdat2.obj objamd64\cmdatini.obj objamd64\cmdelete.obj objamd64\cmgquota.obj objamd64\cmhvlist.obj objamd64\cmindex.obj objamd64\cminit.obj objamd64\cmname.obj objamd64\cmnotify.obj objamd64\cmparse.obj objamd64\cmparse2.obj objamd64\cmquery.obj objamd64\cmsavres.obj objamd64\cmsubs.obj objamd64\cmsubs2.obj objamd64\cmsubs3.obj objamd64\cmse.obj objamd64\cmsysini.obj objamd64\cmtrecpy.obj objamd64\cmtredel.obj objamd64\cmtree.obj objamd64\cmworker.obj objamd64\cmwrapr.obj objamd64\cmwrapr2.obj objamd64\cmwmi.obj objamd64\cmmapvw.obj objamd64\cmdelay.obj objamd64\cmvalue.obj objamd64\cmsecache.obj objamd64\cmdown.obj objamd64\cmalloc.obj objamd64\cmhook.obj objamd64\hivebin.obj objamd64\hivecell.obj objamd64\hivechek.obj objamd64\hivefree.obj objamd64\hiveinit.obj objamd64\hiveload.obj objamd64\hivemap.obj objamd64\hivesum.obj objamd64\hivesync.obj objamd64\hivehint.obj objamd64\ntapi.obj
  	cd C:\Users\Administrator\Desktop\CSC362_Windows_Resources\WindowsResearchKernel-WRK\WRK-v1.2\base\ntos\ex\BUILD
  	ml64.exe -nologo -Cx -Zi  -I..\amd64 -I. -IC:\Users\Administrator\Desktop\CSC362_Windows_Resources\WindowsResearchKernel-WRK\WRK-v1.2\base\ntos\ex -IC:\Users\Administrator\Desktop\CSC362_Windows_Resources\WindowsResearchKernel-WRK\WRK-v1.2\base\ntos\inc -IC:\Users\Administrator\Desktop\CSC362_Windows_Resources\WindowsResearchKernel-WRK\WRK-v1.2\base\ntos\..\..\public\ddk\inc -IC:\Users\Administrator\Desktop\CSC362_Windows_Resources\WindowsResearchKernel-WRK\WRK-v1.2\base\ntos\..\..\public\internal\ds\inc -IC:\Users\Administrator\Desktop\CSC362_Windows_Resources\WindowsResearchKernel-WRK\WRK-v1.2\base\ntos\..\..\public\internal\sdktools\inc  -IC:\Users\Administrator\Desktop\CSC362_Windows_Resources\WindowsResearchKernel-WRK\WRK-v1.2\base\ntos\..\inc -IC:\Users\Administrator\Desktop\CSC362_Windows_Resources\WindowsResearchKernel-WRK\WRK-v1.2\base\ntos\..\..\public\internal\base\inc -IC:\Users\Administrator\Desktop\CSC362_Windows_Resources\WindowsResearchKernel-WRK\WRK-v1.2\base\ntos\..\..\public\sdk\inc -IC:\Users\Administrator\Desktop\CSC362_Windows_Resources\WindowsResearchKernel-WRK\WRK-v1.2\base\ntos\..\..\public\sdk\inc\crt -IC:\Users\Administrator\Desktop\CSC362_Windows_Resources\WindowsResearchKernel-WRK\WRK-v1.2\base\ntos\..\..\public\halkit\inc -Foobjamd64\ -D_WIN64 -D_AMD64_ -DAMD64 -DCONDITION_HANDLING=1 -DNT_INST=0 -DWIN32=100 -D_NT1X_=100 -DWINNT=1  -D_WIN32_WINNT=0x0502 -DWINVER=0x0502 -D_WIN32_IE=0x0603 -DWIN32_LEAN_AND_MEAN=1 -DDBG=0 -DDEVL=1  -D__BUILDMACHINE__=WRK1.2(university) -DNDEBUG  -D_NTSYSTEM_ -DNT_SMT -DNTOS_KERNEL_RUNTIME=1  -c ..\amd64\hifreqlk.asm ..\amd64\hrderror.asm ..\amd64\intrlock.asm 
   Assembling: ..\amd64\intrlock.asm
   Assembling: ..\amd64\hrderror.asm
   Assembling: ..\amd64\hifreqlk.asm
  	cl.exe -nologo -Zl -Zp8 -Gy -cbstring -W3 -WX -GR- -GF -GS -Wp64 -Oxt -EHs-c- /Oxt -Gs12288 -GL- -MT -U_MT -I..\amd64 -I. -IC:\Users\Administrator\Desktop\CSC362_Windows_Resources\WindowsResearchKernel-WRK\WRK-v1.2\base\ntos\ex -IC:\Users\Administrator\Desktop\CSC362_Windows_Resources\WindowsResearchKernel-WRK\WRK-v1.2\base\ntos\inc -IC:\Users\Administrator\Desktop\CSC362_Windows_Resources\WindowsResearchKernel-WRK\WRK-v1.2\base\ntos\..\..\public\ddk\inc -IC:\Users\Administrator\Desktop\CSC362_Windows_Resources\WindowsResearchKernel-WRK\WRK-v1.2\base\ntos\..\..\public\internal\ds\inc -IC:\Users\Administrator\Desktop\CSC362_Windows_Resources\WindowsResearchKernel-WRK\WRK-v1.2\base\ntos\..\..\public\internal\sdktools\inc  -IC:\Users\Administrator\Desktop\CSC362_Windows_Resources\WindowsResearchKernel-WRK\WRK-v1.2\base\ntos\..\inc -IC:\Users\Administrator\Desktop\CSC362_Windows_Resources\WindowsResearchKernel-WRK\WRK-v1.2\base\ntos\..\..\public\internal\base\inc -IC:\Users\Administrator\Desktop\CSC362_Windows_Resources\WindowsResearchKernel-WRK\WRK-v1.2\base\ntos\..\..\public\sdk\inc -IC:\Users\Administrator\Desktop\CSC362_Windows_Resources\WindowsResearchKernel-WRK\WRK-v1.2\base\ntos\..\..\public\sdk\inc\crt -IC:\Users\Administrator\Desktop\CSC362_Windows_Resources\WindowsResearchKernel-WRK\WRK-v1.2\base\ntos\..\..\public\halkit\inc -Foobjamd64\ -D_WIN64 -D_AMD64_ -DAMD64 -DCONDITION_HANDLING=1 -DNT_INST=0 -DWIN32=100 -D_NT1X_=100 -DWINNT=1  -D_WIN32_WINNT=0x0502 -DWINVER=0x0502 -D_WIN32_IE=0x0603 -DWIN32_LEAN_AND_MEAN=1 -DDBG=0 -DDEVL=1  -D__BUILDMACHINE__=WRK1.2(university) -DNDEBUG  -D_NTSYSTEM_ -DNT_SMT -DNTOS_KERNEL_RUNTIME=1 -I..\..\ke -FIC:\Users\Administrator\Desktop\CSC362_Windows_Resources\WindowsResearchKernel-WRK\WRK-v1.2\base\ntos\BUILD\WARNING.h -c ..\amd64\wowinfo.c 
  wowinfo.c
  	cl.exe -nologo -Zl -Zp8 -Gy -cbstring -W3 -WX -GR- -GF -GS -Wp64 -Oxt -EHs-c- /Oxt -Gs12288 -GL- -MT -U_MT -I..\amd64 -I. -IC:\Users\Administrator\Desktop\CSC362_Windows_Resources\WindowsResearchKernel-WRK\WRK-v1.2\base\ntos\ex -IC:\Users\Administrator\Desktop\CSC362_Windows_Resources\WindowsResearchKernel-WRK\WRK-v1.2\base\ntos\inc -IC:\Users\Administrator\Desktop\CSC362_Windows_Resources\WindowsResearchKernel-WRK\WRK-v1.2\base\ntos\..\..\public\ddk\inc -IC:\Users\Administrator\Desktop\CSC362_Windows_Resources\WindowsResearchKernel-WRK\WRK-v1.2\base\ntos\..\..\public\internal\ds\inc -IC:\Users\Administrator\Desktop\CSC362_Windows_Resources\WindowsResearchKernel-WRK\WRK-v1.2\base\ntos\..\..\public\internal\sdktools\inc  -IC:\Users\Administrator\Desktop\CSC362_Windows_Resources\WindowsResearchKernel-WRK\WRK-v1.2\base\ntos\..\inc -IC:\Users\Administrator\Desktop\CSC362_Windows_Resources\WindowsResearchKernel-WRK\WRK-v1.2\base\ntos\..\..\public\internal\base\inc -IC:\Users\Administrator\Desktop\CSC362_Windows_Resources\WindowsResearchKernel-WRK\WRK-v1.2\base\ntos\..\..\public\sdk\inc -IC:\Users\Administrator\Desktop\CSC362_Windows_Resources\WindowsResearchKernel-WRK\WRK-v1.2\base\ntos\..\..\public\sdk\inc\crt -IC:\Users\Administrator\Desktop\CSC362_Windows_Resources\WindowsResearchKernel-WRK\WRK-v1.2\base\ntos\..\..\public\halkit\inc -Foobjamd64\ -D_WIN64 -D_AMD64_ -DAMD64 -DCONDITION_HANDLING=1 -DNT_INST=0 -DWIN32=100 -D_NT1X_=100 -DWINNT=1  -D_WIN32_WINNT=0x0502 -DWINVER=0x0502 -D_WIN32_IE=0x0603 -DWIN32_LEAN_AND_MEAN=1 -DDBG=0 -DDEVL=1  -D__BUILDMACHINE__=WRK1.2(university) -DNDEBUG  -D_NTSYSTEM_ -DNT_SMT -DNTOS_KERNEL_RUNTIME=1 -I..\..\ke -FIC:\Users\Administrator\Desktop\CSC362_Windows_Resources\WindowsResearchKernel-WRK\WRK-v1.2\base\ntos\BUILD\WARNING.h -c ..\callback.c ..\callperf.c ..\delay.c ..\event.c ..\eventpr.c ..\exatom.c ..\exdata.c ..\exinit.c ..\fmutexc.c ..\handle.c ..\harderr.c ..\lookasid.c ..\luid.c ..\mutant.c ..\nbqueue.c ..\pool.c ..\probe.c ..\profile.c ..\raise.c ..\resource.c ..\semphore.c ..\sysinfo.c ..\timer.c ..\worker.c ..\zone.c ..\uuid.c ..\win32.c ..\rundown.c ..\pushlock.c ..\keyedevent.c 
  callback.c
  callperf.c
  delay.c
  event.c
  eventpr.c
  exatom.c
  exdata.c
  exinit.c
  fmutexc.c
  handle.c
  harderr.c
  lookasid.c
  luid.c
  mutant.c
  nbqueue.c
  pool.c
  probe.c
  profile.c
  raise.c
  resource.c
  Generating Code...
  Compiling...
  semphore.c
  sysinfo.c
  timer.c
  worker.c
  zone.c
  uuid.c
  win32.c
  rundown.c
  pushlock.c
  keyedevent.c
  Generating Code...
  linking ex.lib
  	lib.exe -nologo -IGNORE:4108,4088,4218,4218,4235 -IGNORE:4010,4037,4039,4065,4070,4078,4087,4089,4221,4198 -WX -nodefaultlib -machine:amd64 -out:C:\Users\Administrator\Desktop\CSC362_Windows_Resources\WindowsResearchKernel-WRK\WRK-v1.2\base\ntos\BUILD\objamd64\ex.lib objamd64\hifreqlk.obj objamd64\hrderror.obj objamd64\intrlock.obj objamd64\wowinfo.obj objamd64\callback.obj objamd64\callperf.obj objamd64\delay.obj objamd64\event.obj objamd64\eventpr.obj objamd64\exatom.obj objamd64\exdata.obj objamd64\exinit.obj objamd64\fmutexc.obj objamd64\handle.obj objamd64\harderr.obj objamd64\lookasid.obj objamd64\luid.obj objamd64\mutant.obj objamd64\nbqueue.obj objamd64\pool.obj objamd64\probe.obj objamd64\profile.obj objamd64\raise.obj objamd64\resource.obj objamd64\semphore.obj objamd64\sysinfo.obj objamd64\timer.obj objamd64\worker.obj objamd64\zone.obj objamd64\uuid.obj objamd64\win32.obj objamd64\rundown.obj objamd64\pushlock.obj objamd64\keyedevent.obj
  	cd C:\Users\Administrator\Desktop\CSC362_Windows_Resources\WindowsResearchKernel-WRK\WRK-v1.2\base\ntos\ob\BUILD
  	cl.exe -nologo -Zl -Zp8 -Gy -cbstring -W3 -WX -GR- -GF -GS -Wp64 -Oxt -EHs-c- /Oxt -Gs12288 -GL- -MT -U_MT -I..\amd64 -I. -IC:\Users\Administrator\Desktop\CSC362_Windows_Resources\WindowsResearchKernel-WRK\WRK-v1.2\base\ntos\ob -IC:\Users\Administrator\Desktop\CSC362_Windows_Resources\WindowsResearchKernel-WRK\WRK-v1.2\base\ntos\inc -IC:\Users\Administrator\Desktop\CSC362_Windows_Resources\WindowsResearchKernel-WRK\WRK-v1.2\base\ntos\..\..\public\ddk\inc -IC:\Users\Administrator\Desktop\CSC362_Windows_Resources\WindowsResearchKernel-WRK\WRK-v1.2\base\ntos\..\..\public\internal\ds\inc -IC:\Users\Administrator\Desktop\CSC362_Windows_Resources\WindowsResearchKernel-WRK\WRK-v1.2\base\ntos\..\..\public\internal\sdktools\inc  -IC:\Users\Administrator\Desktop\CSC362_Windows_Resources\WindowsResearchKernel-WRK\WRK-v1.2\base\ntos\..\inc -IC:\Users\Administrator\Desktop\CSC362_Windows_Resources\WindowsResearchKernel-WRK\WRK-v1.2\base\ntos\..\..\public\internal\base\inc -IC:\Users\Administrator\Desktop\CSC362_Windows_Resources\WindowsResearchKernel-WRK\WRK-v1.2\base\ntos\..\..\public\sdk\inc -IC:\Users\Administrator\Desktop\CSC362_Windows_Resources\WindowsResearchKernel-WRK\WRK-v1.2\base\ntos\..\..\public\sdk\inc\crt -IC:\Users\Administrator\Desktop\CSC362_Windows_Resources\WindowsResearchKernel-WRK\WRK-v1.2\base\ntos\..\..\public\halkit\inc -Foobjamd64\ -D_WIN64 -D_AMD64_ -DAMD64 -DCONDITION_HANDLING=1 -DNT_INST=0 -DWIN32=100 -D_NT1X_=100 -DWINNT=1  -D_WIN32_WINNT=0x0502 -DWINVER=0x0502 -D_WIN32_IE=0x0603 -DWIN32_LEAN_AND_MEAN=1 -DDBG=0 -DDEVL=1  -D__BUILDMACHINE__=WRK1.2(university) -DNDEBUG  -D_NTSYSTEM_ -DNT_SMT -DNTOS_KERNEL_RUNTIME=1  -FIC:\Users\Administrator\Desktop\CSC362_Windows_Resources\WindowsResearchKernel-WRK\WRK-v1.2\base\ntos\BUILD\WARNING.h -c ..\obinit.c ..\obcreate.c ..\obhandle.c ..\obinsert.c ..\obref.c ..\obse.c ..\obtype.c ..\obdir.c ..\obdevmap.c ..\oblink.c ..\obclose.c ..\obquery.c ..\obsdata.c ..\obwait.c ..\fastref.c 
  obinit.c
  obcreate.c
  obhandle.c
  obinsert.c
  obref.c
  obse.c
  obtype.c
  obdir.c
  obdevmap.c
  oblink.c
  obclose.c
  obquery.c
  obsdata.c
  obwait.c
  fastref.c
  Generating Code...
  linking ob.lib
  	lib.exe -nologo -IGNORE:4108,4088,4218,4218,4235 -IGNORE:4010,4037,4039,4065,4070,4078,4087,4089,4221,4198 -WX -nodefaultlib -machine:amd64 -out:C:\Users\Administrator\Desktop\CSC362_Windows_Resources\WindowsResearchKernel-WRK\WRK-v1.2\base\ntos\BUILD\objamd64\ob.lib objamd64\obinit.obj objamd64\obcreate.obj objamd64\obhandle.obj objamd64\obinsert.obj objamd64\obref.obj objamd64\obse.obj objamd64\obtype.obj objamd64\obdir.obj objamd64\obdevmap.obj objamd64\oblink.obj objamd64\obclose.obj objamd64\obquery.obj objamd64\obsdata.obj objamd64\obwait.obj objamd64\fastref.obj
  	cd C:\Users\Administrator\Desktop\CSC362_Windows_Resources\WindowsResearchKernel-WRK\WRK-v1.2\base\ntos\se\BUILD
  	cl.exe -nologo -Zl -Zp8 -Gy -cbstring -W3 -WX -GR- -GF -GS -Wp64 -Oxt -EHs-c- /Oxt -Gs12288 -GL- -MT -U_MT -I..\amd64 -I. -IC:\Users\Administrator\Desktop\CSC362_Windows_Resources\WindowsResearchKernel-WRK\WRK-v1.2\base\ntos\se -IC:\Users\Administrator\Desktop\CSC362_Windows_Resources\WindowsResearchKernel-WRK\WRK-v1.2\base\ntos\inc -IC:\Users\Administrator\Desktop\CSC362_Windows_Resources\WindowsResearchKernel-WRK\WRK-v1.2\base\ntos\..\..\public\ddk\inc -IC:\Users\Administrator\Desktop\CSC362_Windows_Resources\WindowsResearchKernel-WRK\WRK-v1.2\base\ntos\..\..\public\internal\ds\inc -IC:\Users\Administrator\Desktop\CSC362_Windows_Resources\WindowsResearchKernel-WRK\WRK-v1.2\base\ntos\..\..\public\internal\sdktools\inc  -IC:\Users\Administrator\Desktop\CSC362_Windows_Resources\WindowsResearchKernel-WRK\WRK-v1.2\base\ntos\..\inc -IC:\Users\Administrator\Desktop\CSC362_Windows_Resources\WindowsResearchKernel-WRK\WRK-v1.2\base\ntos\..\..\public\internal\base\inc -IC:\Users\Administrator\Desktop\CSC362_Windows_Resources\WindowsResearchKernel-WRK\WRK-v1.2\base\ntos\..\..\public\sdk\inc -IC:\Users\Administrator\Desktop\CSC362_Windows_Resources\WindowsResearchKernel-WRK\WRK-v1.2\base\ntos\..\..\public\sdk\inc\crt -IC:\Users\Administrator\Desktop\CSC362_Windows_Resources\WindowsResearchKernel-WRK\WRK-v1.2\base\ntos\..\..\public\halkit\inc -Foobjamd64\ -D_WIN64 -D_AMD64_ -DAMD64 -DCONDITION_HANDLING=1 -DNT_INST=0 -DWIN32=100 -D_NT1X_=100 -DWINNT=1  -D_WIN32_WINNT=0x0502 -DWINVER=0x0502 -D_WIN32_IE=0x0603 -DWIN32_LEAN_AND_MEAN=1 -DDBG=0 -DDEVL=1  -D__BUILDMACHINE__=WRK1.2(university) -DNDEBUG  -D_NTSYSTEM_ -DNT_SMT -DNTOS_KERNEL_RUNTIME=1  -FIC:\Users\Administrator\Desktop\CSC362_Windows_Resources\WindowsResearchKernel-WRK\WRK-v1.2\base\ntos\BUILD\WARNING.h -c ..\accessck.c ..\capture.c ..\privileg.c ..\rmlogon.c ..\rmmain.c ..\rmvars.c ..\seassign.c ..\seaudit.c ..\sepaudit.c ..\seclient.c ..\seglobal.c ..\seinit.c ..\semethod.c ..\sep.c ..\subject.c ..\seastate.c ..\token.c ..\tokenadj.c ..\tokendup.c ..\tokenopn.c ..\tokenqry.c ..\tokenset.c ..\adtlog.c ..\adtinit.c ..\adtvars.c ..\adtutil.c ..\rmaudit.c 
  accessck.c
  capture.c
  privileg.c
  rmlogon.c
  rmmain.c
  rmvars.c
  seassign.c
  seaudit.c
  sepaudit.c
  seclient.c
  seglobal.c
  seinit.c
  semethod.c
  sep.c
  subject.c
  seastate.c
  token.c
  tokenadj.c
  tokendup.c
  tokenopn.c
  Generating Code...
  Compiling...
  tokenqry.c
  tokenset.c
  adtlog.c
  adtinit.c
  adtvars.c
  adtutil.c
  rmaudit.c
  Generating Code...
  linking ntosse.lib
  	lib.exe -nologo -IGNORE:4108,4088,4218,4218,4235 -IGNORE:4010,4037,4039,4065,4070,4078,4087,4089,4221,4198 -WX -nodefaultlib -machine:amd64 -out:C:\Users\Administrator\Desktop\CSC362_Windows_Resources\WindowsResearchKernel-WRK\WRK-v1.2\base\ntos\BUILD\objamd64\ntosse.lib objamd64\accessck.obj objamd64\capture.obj objamd64\privileg.obj objamd64\rmlogon.obj objamd64\rmmain.obj objamd64\rmvars.obj objamd64\seassign.obj objamd64\seaudit.obj objamd64\sepaudit.obj objamd64\seclient.obj objamd64\seglobal.obj objamd64\seinit.obj objamd64\semethod.obj objamd64\sep.obj objamd64\subject.obj objamd64\seastate.obj objamd64\token.obj objamd64\tokenadj.obj objamd64\tokendup.obj objamd64\tokenopn.obj objamd64\tokenqry.obj objamd64\tokenset.obj objamd64\adtlog.obj objamd64\adtinit.obj objamd64\adtvars.obj objamd64\adtutil.obj objamd64\rmaudit.obj
  	cd C:\Users\Administrator\Desktop\CSC362_Windows_Resources\WindowsResearchKernel-WRK\WRK-v1.2\base\ntos\mm\BUILD
  	cl.exe -nologo -Zl -Zp8 -Gy -cbstring -W3 -WX -GR- -GF -GS -Wp64 -Oxt -EHs-c- /Oxt -Gs12288 -GL- -MT -U_MT -I..\amd64 -I. -IC:\Users\Administrator\Desktop\CSC362_Windows_Resources\WindowsResearchKernel-WRK\WRK-v1.2\base\ntos\mm -IC:\Users\Administrator\Desktop\CSC362_Windows_Resources\WindowsResearchKernel-WRK\WRK-v1.2\base\ntos\inc -IC:\Users\Administrator\Desktop\CSC362_Windows_Resources\WindowsResearchKernel-WRK\WRK-v1.2\base\ntos\..\..\public\ddk\inc -IC:\Users\Administrator\Desktop\CSC362_Windows_Resources\WindowsResearchKernel-WRK\WRK-v1.2\base\ntos\..\..\public\internal\ds\inc -IC:\Users\Administrator\Desktop\CSC362_Windows_Resources\WindowsResearchKernel-WRK\WRK-v1.2\base\ntos\..\..\public\internal\sdktools\inc  -IC:\Users\Administrator\Desktop\CSC362_Windows_Resources\WindowsResearchKernel-WRK\WRK-v1.2\base\ntos\..\inc -IC:\Users\Administrator\Desktop\CSC362_Windows_Resources\WindowsResearchKernel-WRK\WRK-v1.2\base\ntos\..\..\public\internal\base\inc -IC:\Users\Administrator\Desktop\CSC362_Windows_Resources\WindowsResearchKernel-WRK\WRK-v1.2\base\ntos\..\..\public\sdk\inc -IC:\Users\Administrator\Desktop\CSC362_Windows_Resources\WindowsResearchKernel-WRK\WRK-v1.2\base\ntos\..\..\public\sdk\inc\crt -IC:\Users\Administrator\Desktop\CSC362_Windows_Resources\WindowsResearchKernel-WRK\WRK-v1.2\base\ntos\..\..\public\halkit\inc -Foobjamd64\ -D_WIN64 -D_AMD64_ -DAMD64 -DCONDITION_HANDLING=1 -DNT_INST=0 -DWIN32=100 -D_NT1X_=100 -DWINNT=1  -D_WIN32_WINNT=0x0502 -DWINVER=0x0502 -D_WIN32_IE=0x0603 -DWIN32_LEAN_AND_MEAN=1 -DDBG=0 -DDEVL=1  -D__BUILDMACHINE__=WRK1.2(university) -DNDEBUG  -D_NTSYSTEM_ -DNT_SMT -DNTOS_KERNEL_RUNTIME=1 -I..\..\ke -FIC:\Users\Administrator\Desktop\CSC362_Windows_Resources\WindowsResearchKernel-WRK\WRK-v1.2\base\ntos\BUILD\WARNING.h -c ..\amd64\dataamd.c ..\amd64\initamd.c 
  dataamd.c
  initamd.c
  Generating Code...
  	cl.exe -nologo -Zl -Zp8 -Gy -cbstring -W3 -WX -GR- -GF -GS -Wp64 -Oxt -EHs-c- /Oxt -Gs12288 -GL- -MT -U_MT -I..\amd64 -I. -IC:\Users\Administrator\Desktop\CSC362_Windows_Resources\WindowsResearchKernel-WRK\WRK-v1.2\base\ntos\mm -IC:\Users\Administrator\Desktop\CSC362_Windows_Resources\WindowsResearchKernel-WRK\WRK-v1.2\base\ntos\inc -IC:\Users\Administrator\Desktop\CSC362_Windows_Resources\WindowsResearchKernel-WRK\WRK-v1.2\base\ntos\..\..\public\ddk\inc -IC:\Users\Administrator\Desktop\CSC362_Windows_Resources\WindowsResearchKernel-WRK\WRK-v1.2\base\ntos\..\..\public\internal\ds\inc -IC:\Users\Administrator\Desktop\CSC362_Windows_Resources\WindowsResearchKernel-WRK\WRK-v1.2\base\ntos\..\..\public\internal\sdktools\inc  -IC:\Users\Administrator\Desktop\CSC362_Windows_Resources\WindowsResearchKernel-WRK\WRK-v1.2\base\ntos\..\inc -IC:\Users\Administrator\Desktop\CSC362_Windows_Resources\WindowsResearchKernel-WRK\WRK-v1.2\base\ntos\..\..\public\internal\base\inc -IC:\Users\Administrator\Desktop\CSC362_Windows_Resources\WindowsResearchKernel-WRK\WRK-v1.2\base\ntos\..\..\public\sdk\inc -IC:\Users\Administrator\Desktop\CSC362_Windows_Resources\WindowsResearchKernel-WRK\WRK-v1.2\base\ntos\..\..\public\sdk\inc\crt -IC:\Users\Administrator\Desktop\CSC362_Windows_Resources\WindowsResearchKernel-WRK\WRK-v1.2\base\ntos\..\..\public\halkit\inc -Foobjamd64\ -D_WIN64 -D_AMD64_ -DAMD64 -DCONDITION_HANDLING=1 -DNT_INST=0 -DWIN32=100 -D_NT1X_=100 -DWINNT=1  -D_WIN32_WINNT=0x0502 -DWINVER=0x0502 -D_WIN32_IE=0x0603 -DWIN32_LEAN_AND_MEAN=1 -DDBG=0 -DDEVL=1  -D__BUILDMACHINE__=WRK1.2(university) -DNDEBUG  -D_NTSYSTEM_ -DNT_SMT -DNTOS_KERNEL_RUNTIME=1 -I..\..\ke -FIC:\Users\Administrator\Desktop\CSC362_Windows_Resources\WindowsResearchKernel-WRK\WRK-v1.2\base\ntos\BUILD\WARNING.h -c ..\acceschk.c ..\addrsup.c ..\allocpag.c ..\allocvm.c ..\buildmdl.c ..\creasect.c ..\deleteva.c ..\dmpaddr.c ..\extsect.c ..\flushbuf.c ..\flushsec.c ..\forksup.c ..\freevm.c ..\hypermap.c ..\iosup.c ..\lockvm.c ..\mapcache.c ..\mapview.c ..\miglobal.c ..\mmfault.c ..\mminit.c ..\mmsup.c ..\mmquota.c ..\modwrite.c ..\pagfault.c ..\pfndec.c ..\pfnlist.c ..\physical.c ..\procsup.c ..\protect.c ..\querysec.c ..\queryvm.c ..\readwrt.c ..\sectsup.c ..\session.c ..\sessload.c ..\shutdown.c ..\sysload.c ..\sysptes.c ..\umapview.c ..\vadtree.c ..\wslist.c ..\wsmanage.c ..\wstree.c ..\wrtfault.c ..\wrtwatch.c ..\zeropage.c 
  acceschk.c
  addrsup.c
  allocpag.c
  allocvm.c
  buildmdl.c
  creasect.c
  deleteva.c
  dmpaddr.c
  extsect.c
  flushbuf.c
  flushsec.c
  forksup.c
  freevm.c
  hypermap.c
  iosup.c
  lockvm.c
  mapcache.c
  mapview.c
  miglobal.c
  mmfault.c
  Generating Code...
  Compiling...
  mminit.c
  mmsup.c
  mmquota.c
  modwrite.c
  pagfault.c
  pfndec.c
  pfnlist.c
  physical.c
  procsup.c
  protect.c
  querysec.c
  queryvm.c
  readwrt.c
  sectsup.c
  session.c
  sessload.c
  shutdown.c
  sysload.c
  sysptes.c
  umapview.c
  Generating Code...
  Compiling...
  vadtree.c
  wslist.c
  wsmanage.c
  wstree.c
  wrtfault.c
  wrtwatch.c
  zeropage.c
  Generating Code...
  linking mm.lib
  	lib.exe -nologo -IGNORE:4108,4088,4218,4218,4235 -IGNORE:4010,4037,4039,4065,4070,4078,4087,4089,4221,4198 -WX -nodefaultlib -machine:amd64 -out:C:\Users\Administrator\Desktop\CSC362_Windows_Resources\WindowsResearchKernel-WRK\WRK-v1.2\base\ntos\BUILD\objamd64\mm.lib objamd64\dataamd.obj objamd64\initamd.obj objamd64\acceschk.obj objamd64\addrsup.obj objamd64\allocpag.obj objamd64\allocvm.obj objamd64\buildmdl.obj objamd64\creasect.obj objamd64\deleteva.obj objamd64\dmpaddr.obj objamd64\extsect.obj objamd64\flushbuf.obj objamd64\flushsec.obj objamd64\forksup.obj objamd64\freevm.obj objamd64\hypermap.obj objamd64\iosup.obj objamd64\lockvm.obj objamd64\mapcache.obj objamd64\mapview.obj objamd64\miglobal.obj objamd64\mmfault.obj objamd64\mminit.obj objamd64\mmsup.obj objamd64\mmquota.obj objamd64\modwrite.obj objamd64\pagfault.obj objamd64\pfndec.obj objamd64\pfnlist.obj objamd64\physical.obj objamd64\procsup.obj objamd64\protect.obj objamd64\querysec.obj objamd64\queryvm.obj objamd64\readwrt.obj objamd64\sectsup.obj objamd64\session.obj objamd64\sessload.obj objamd64\shutdown.obj objamd64\sysload.obj objamd64\sysptes.obj objamd64\umapview.obj objamd64\vadtree.obj objamd64\wslist.obj objamd64\wsmanage.obj objamd64\wstree.obj objamd64\wrtfault.obj objamd64\wrtwatch.obj objamd64\zeropage.obj
  	cd C:\Users\Administrator\Desktop\CSC362_Windows_Resources\WindowsResearchKernel-WRK\WRK-v1.2\base\ntos\ke\BUILD
  	ml64.exe -nologo -Cx -Zi  -I..\amd64 -I. -IC:\Users\Administrator\Desktop\CSC362_Windows_Resources\WindowsResearchKernel-WRK\WRK-v1.2\base\ntos\ke -IC:\Users\Administrator\Desktop\CSC362_Windows_Resources\WindowsResearchKernel-WRK\WRK-v1.2\base\ntos\inc -IC:\Users\Administrator\Desktop\CSC362_Windows_Resources\WindowsResearchKernel-WRK\WRK-v1.2\base\ntos\..\..\public\ddk\inc -IC:\Users\Administrator\Desktop\CSC362_Windows_Resources\WindowsResearchKernel-WRK\WRK-v1.2\base\ntos\..\..\public\internal\ds\inc -IC:\Users\Administrator\Desktop\CSC362_Windows_Resources\WindowsResearchKernel-WRK\WRK-v1.2\base\ntos\..\..\public\internal\sdktools\inc  -IC:\Users\Administrator\Desktop\CSC362_Windows_Resources\WindowsResearchKernel-WRK\WRK-v1.2\base\ntos\..\inc -IC:\Users\Administrator\Desktop\CSC362_Windows_Resources\WindowsResearchKernel-WRK\WRK-v1.2\base\ntos\..\..\public\internal\base\inc -IC:\Users\Administrator\Desktop\CSC362_Windows_Resources\WindowsResearchKernel-WRK\WRK-v1.2\base\ntos\..\..\public\sdk\inc -IC:\Users\Administrator\Desktop\CSC362_Windows_Resources\WindowsResearchKernel-WRK\WRK-v1.2\base\ntos\..\..\public\sdk\inc\crt -IC:\Users\Administrator\Desktop\CSC362_Windows_Resources\WindowsResearchKernel-WRK\WRK-v1.2\base\ntos\..\..\public\halkit\inc -Foobjamd64\ -D_WIN64 -D_AMD64_ -DAMD64 -DCONDITION_HANDLING=1 -DNT_INST=0 -DWIN32=100 -D_NT1X_=100 -DWINNT=1  -D_WIN32_WINNT=0x0502 -DWINVER=0x0502 -D_WIN32_IE=0x0603 -DWIN32_LEAN_AND_MEAN=1 -DDBG=0 -DDEVL=1  -D__BUILDMACHINE__=WRK1.2(university) -DNDEBUG  -D_NTSYSTEM_ -DNT_SMT -DNTOS_KERNEL_RUNTIME=1  -c ..\amd64\apcint.asm ..\amd64\callout.asm ..\amd64\clockint.asm ..\amd64\cpuid.asm ..\amd64\ctxswap.asm ..\amd64\dpcint.asm ..\amd64\idle.asm ..\amd64\intipi.asm ..\amd64\intsup.asm ..\amd64\miscs.asm ..\amd64\procstat.asm ..\amd64\profint.asm ..\amd64\start.asm ..\amd64\sysstubs.asm ..\amd64\systable.asm ..\amd64\threadbg.asm ..\amd64\trap.asm ..\amd64\zero.asm 
   Assembling: ..\amd64\zero.asm
   Assembling: ..\amd64\trap.asm
   Assembling: ..\amd64\threadbg.asm
   Assembling: ..\amd64\systable.asm
   Assembling: ..\amd64\sysstubs.asm
   Assembling: ..\amd64\start.asm
   Assembling: ..\amd64\profint.asm
   Assembling: ..\amd64\procstat.asm
   Assembling: ..\amd64\miscs.asm
   Assembling: ..\amd64\intsup.asm
   Assembling: ..\amd64\intipi.asm
   Assembling: ..\amd64\idle.asm
   Assembling: ..\amd64\dpcint.asm
   Assembling: ..\amd64\ctxswap.asm
   Assembling: ..\amd64\cpuid.asm
   Assembling: ..\amd64\clockint.asm
   Assembling: ..\amd64\callout.asm
   Assembling: ..\amd64\apcint.asm
  	cl.exe -nologo -Zl -Zp8 -Gy -cbstring -W3 -WX -GR- -GF -GS -Wp64 -Oxt -EHs-c- /Oxt -Gs12288 -GL- -MT -U_MT -I..\amd64 -I. -IC:\Users\Administrator\Desktop\CSC362_Windows_Resources\WindowsResearchKernel-WRK\WRK-v1.2\base\ntos\ke -IC:\Users\Administrator\Desktop\CSC362_Windows_Resources\WindowsResearchKernel-WRK\WRK-v1.2\base\ntos\inc -IC:\Users\Administrator\Desktop\CSC362_Windows_Resources\WindowsResearchKernel-WRK\WRK-v1.2\base\ntos\..\..\public\ddk\inc -IC:\Users\Administrator\Desktop\CSC362_Windows_Resources\WindowsResearchKernel-WRK\WRK-v1.2\base\ntos\..\..\public\internal\ds\inc -IC:\Users\Administrator\Desktop\CSC362_Windows_Resources\WindowsResearchKernel-WRK\WRK-v1.2\base\ntos\..\..\public\internal\sdktools\inc  -IC:\Users\Administrator\Desktop\CSC362_Windows_Resources\WindowsResearchKernel-WRK\WRK-v1.2\base\ntos\..\inc -IC:\Users\Administrator\Desktop\CSC362_Windows_Resources\WindowsResearchKernel-WRK\WRK-v1.2\base\ntos\..\..\public\internal\base\inc -IC:\Users\Administrator\Desktop\CSC362_Windows_Resources\WindowsResearchKernel-WRK\WRK-v1.2\base\ntos\..\..\public\sdk\inc -IC:\Users\Administrator\Desktop\CSC362_Windows_Resources\WindowsResearchKernel-WRK\WRK-v1.2\base\ntos\..\..\public\sdk\inc\crt -IC:\Users\Administrator\Desktop\CSC362_Windows_Resources\WindowsResearchKernel-WRK\WRK-v1.2\base\ntos\..\..\public\halkit\inc -Foobjamd64\ -D_WIN64 -D_AMD64_ -DAMD64 -DCONDITION_HANDLING=1 -DNT_INST=0 -DWIN32=100 -D_NT1X_=100 -DWINNT=1  -D_WIN32_WINNT=0x0502 -DWINVER=0x0502 -D_WIN32_IE=0x0603 -DWIN32_LEAN_AND_MEAN=1 -DDBG=0 -DDEVL=1  -D__BUILDMACHINE__=WRK1.2(university) -DNDEBUG  -D_NTSYSTEM_ -DNT_SMT -DNTOS_KERNEL_RUNTIME=1  -FIC:\Users\Administrator\Desktop\CSC362_Windows_Resources\WindowsResearchKernel-WRK\WRK-v1.2\base\ntos\BUILD\WARNING.h -c ..\amd64\allproc.c ..\amd64\apcuser.c ..\amd64\callback.c ..\amd64\decode.c ..\amd64\exceptn.c ..\amd64\flush.c ..\amd64\flushtb.c ..\amd64\initkr.c ..\amd64\runtime.c ..\amd64\intobj.c ..\amd64\ipi.c ..\amd64\misc.c ..\amd64\pat.c ..\amd64\queuelock.c ..\amd64\spinlock.c ..\amd64\thredini.c 
  allproc.c
  apcuser.c
  callback.c
  decode.c
  exceptn.c
  flush.c
  flushtb.c
  initkr.c
  runtime.c
  intobj.c
  ipi.c
  misc.c
  pat.c
  queuelock.c
  spinlock.c
  thredini.c
  Generating Code...
  	cl.exe -nologo -Zl -Zp8 -Gy -cbstring -W3 -WX -GR- -GF -GS -Wp64 -Oxt -EHs-c- /Oxt -Gs12288 -GL- -MT -U_MT -I..\amd64 -I. -IC:\Users\Administrator\Desktop\CSC362_Windows_Resources\WindowsResearchKernel-WRK\WRK-v1.2\base\ntos\ke -IC:\Users\Administrator\Desktop\CSC362_Windows_Resources\WindowsResearchKernel-WRK\WRK-v1.2\base\ntos\inc -IC:\Users\Administrator\Desktop\CSC362_Windows_Resources\WindowsResearchKernel-WRK\WRK-v1.2\base\ntos\..\..\public\ddk\inc -IC:\Users\Administrator\Desktop\CSC362_Windows_Resources\WindowsResearchKernel-WRK\WRK-v1.2\base\ntos\..\..\public\internal\ds\inc -IC:\Users\Administrator\Desktop\CSC362_Windows_Resources\WindowsResearchKernel-WRK\WRK-v1.2\base\ntos\..\..\public\internal\sdktools\inc  -IC:\Users\Administrator\Desktop\CSC362_Windows_Resources\WindowsResearchKernel-WRK\WRK-v1.2\base\ntos\..\inc -IC:\Users\Administrator\Desktop\CSC362_Windows_Resources\WindowsResearchKernel-WRK\WRK-v1.2\base\ntos\..\..\public\internal\base\inc -IC:\Users\Administrator\Desktop\CSC362_Windows_Resources\WindowsResearchKernel-WRK\WRK-v1.2\base\ntos\..\..\public\sdk\inc -IC:\Users\Administrator\Desktop\CSC362_Windows_Resources\WindowsResearchKernel-WRK\WRK-v1.2\base\ntos\..\..\public\sdk\inc\crt -IC:\Users\Administrator\Desktop\CSC362_Windows_Resources\WindowsResearchKernel-WRK\WRK-v1.2\base\ntos\..\..\public\halkit\inc -Foobjamd64\ -D_WIN64 -D_AMD64_ -DAMD64 -DCONDITION_HANDLING=1 -DNT_INST=0 -DWIN32=100 -D_NT1X_=100 -DWINNT=1  -D_WIN32_WINNT=0x0502 -DWINVER=0x0502 -D_WIN32_IE=0x0603 -DWIN32_LEAN_AND_MEAN=1 -DDBG=0 -DDEVL=1  -D__BUILDMACHINE__=WRK1.2(university) -DNDEBUG  -D_NTSYSTEM_ -DNT_SMT -DNTOS_KERNEL_RUNTIME=1  -FIC:\Users\Administrator\Desktop\CSC362_Windows_Resources\WindowsResearchKernel-WRK\WRK-v1.2\base\ntos\BUILD\WARNING.h -c ..\apcobj.c ..\apcsup.c ..\balmgr.c ..\bugcheck.c ..\config.c ..\debug.c ..\devquobj.c ..\dpclock.c ..\dpcobj.c ..\dpcsup.c ..\eventobj.c ..\gateobj.c ..\hifreqlk.c ..\idsched.c ..\interobj.c ..\kernldat.c ..\kevutil.c ..\kiinit.c ..\miscc.c ..\mutntobj.c ..\procobj.c ..\profobj.c ..\queueobj.c ..\raisexcp.c ..\semphobj.c ..\thkemul.c ..\thredobj.c ..\thredsup.c ..\timerobj.c ..\timersup.c ..\wait.c ..\waitsup.c ..\xipi.c ..\yield.c 
  apcobj.c
  apcsup.c
  balmgr.c
  bugcheck.c
  config.c
  debug.c
  devquobj.c
  dpclock.c
  dpcobj.c
  dpcsup.c
  eventobj.c
  gateobj.c
  hifreqlk.c
  idsched.c
  interobj.c
  kernldat.c
  kevutil.c
  kiinit.c
  miscc.c
  mutntobj.c
  Generating Code...
  Compiling...
  procobj.c
  profobj.c
  queueobj.c
  raisexcp.c
  semphobj.c
  thkemul.c
  thredobj.c
  thredsup.c
  timerobj.c
  timersup.c
  wait.c
  waitsup.c
  xipi.c
  yield.c
  Generating Code...
  linking ke.lib
  	lib.exe -nologo -IGNORE:4108,4088,4218,4218,4235 -IGNORE:4010,4037,4039,4065,4070,4078,4087,4089,4221,4198 -WX -nodefaultlib -machine:amd64 -out:C:\Users\Administrator\Desktop\CSC362_Windows_Resources\WindowsResearchKernel-WRK\WRK-v1.2\base\ntos\BUILD\objamd64\ke.lib objamd64\apcint.obj objamd64\callout.obj objamd64\clockint.obj objamd64\cpuid.obj objamd64\ctxswap.obj objamd64\dpcint.obj objamd64\idle.obj objamd64\intipi.obj objamd64\intsup.obj objamd64\miscs.obj objamd64\procstat.obj objamd64\profint.obj objamd64\start.obj objamd64\sysstubs.obj objamd64\systable.obj objamd64\threadbg.obj objamd64\trap.obj objamd64\zero.obj objamd64\allproc.obj objamd64\apcuser.obj objamd64\callback.obj objamd64\decode.obj objamd64\exceptn.obj objamd64\flush.obj objamd64\flushtb.obj objamd64\initkr.obj objamd64\runtime.obj objamd64\intobj.obj objamd64\ipi.obj objamd64\misc.obj objamd64\pat.obj objamd64\queuelock.obj objamd64\spinlock.obj objamd64\thredini.obj objamd64\apcobj.obj objamd64\apcsup.obj objamd64\balmgr.obj objamd64\bugcheck.obj objamd64\config.obj objamd64\debug.obj objamd64\devquobj.obj objamd64\dpclock.obj objamd64\dpcobj.obj objamd64\dpcsup.obj objamd64\eventobj.obj objamd64\gateobj.obj objamd64\hifreqlk.obj objamd64\idsched.obj objamd64\interobj.obj objamd64\kernldat.obj objamd64\kevutil.obj objamd64\kiinit.obj objamd64\miscc.obj objamd64\mutntobj.obj objamd64\procobj.obj objamd64\profobj.obj objamd64\queueobj.obj objamd64\raisexcp.obj objamd64\semphobj.obj objamd64\thkemul.obj objamd64\thredobj.obj objamd64\thredsup.obj objamd64\timerobj.obj objamd64\timersup.obj objamd64\wait.obj objamd64\waitsup.obj objamd64\xipi.obj objamd64\yield.obj
  	cd C:\Users\Administrator\Desktop\CSC362_Windows_Resources\WindowsResearchKernel-WRK\WRK-v1.2\base\ntos\ps\BUILD
  	ml64.exe -nologo -Cx -Zi  -I..\amd64 -I. -IC:\Users\Administrator\Desktop\CSC362_Windows_Resources\WindowsResearchKernel-WRK\WRK-v1.2\base\ntos\ps -IC:\Users\Administrator\Desktop\CSC362_Windows_Resources\WindowsResearchKernel-WRK\WRK-v1.2\base\ntos\inc -IC:\Users\Administrator\Desktop\CSC362_Windows_Resources\WindowsResearchKernel-WRK\WRK-v1.2\base\ntos\..\..\public\ddk\inc -IC:\Users\Administrator\Desktop\CSC362_Windows_Resources\WindowsResearchKernel-WRK\WRK-v1.2\base\ntos\..\..\public\internal\ds\inc -IC:\Users\Administrator\Desktop\CSC362_Windows_Resources\WindowsResearchKernel-WRK\WRK-v1.2\base\ntos\..\..\public\internal\sdktools\inc  -IC:\Users\Administrator\Desktop\CSC362_Windows_Resources\WindowsResearchKernel-WRK\WRK-v1.2\base\ntos\..\inc -IC:\Users\Administrator\Desktop\CSC362_Windows_Resources\WindowsResearchKernel-WRK\WRK-v1.2\base\ntos\..\..\public\internal\base\inc -IC:\Users\Administrator\Desktop\CSC362_Windows_Resources\WindowsResearchKernel-WRK\WRK-v1.2\base\ntos\..\..\public\sdk\inc -IC:\Users\Administrator\Desktop\CSC362_Windows_Resources\WindowsResearchKernel-WRK\WRK-v1.2\base\ntos\..\..\public\sdk\inc\crt -IC:\Users\Administrator\Desktop\CSC362_Windows_Resources\WindowsResearchKernel-WRK\WRK-v1.2\base\ntos\..\..\public\halkit\inc -Foobjamd64\ -D_WIN64 -D_AMD64_ -DAMD64 -DCONDITION_HANDLING=1 -DNT_INST=0 -DWIN32=100 -D_NT1X_=100 -DWINNT=1  -D_WIN32_WINNT=0x0502 -DWINVER=0x0502 -D_WIN32_IE=0x0603 -DWIN32_LEAN_AND_MEAN=1 -DDBG=0 -DDEVL=1  -D__BUILDMACHINE__=WRK1.2(university) -DNDEBUG  -D_NTSYSTEM_ -DNT_SMT -DNTOS_KERNEL_RUNTIME=1  -c ..\amd64\psctxwrap.asm 
   Assembling: ..\amd64\psctxwrap.asm
  	cl.exe -nologo -Zl -Zp8 -Gy -cbstring -W3 -WX -GR- -GF -GS -Wp64 -Oxt -EHs-c- /Oxt -Gs12288 -GL- -MT -U_MT -I..\amd64 -I. -IC:\Users\Administrator\Desktop\CSC362_Windows_Resources\WindowsResearchKernel-WRK\WRK-v1.2\base\ntos\ps -IC:\Users\Administrator\Desktop\CSC362_Windows_Resources\WindowsResearchKernel-WRK\WRK-v1.2\base\ntos\inc -IC:\Users\Administrator\Desktop\CSC362_Windows_Resources\WindowsResearchKernel-WRK\WRK-v1.2\base\ntos\..\..\public\ddk\inc -IC:\Users\Administrator\Desktop\CSC362_Windows_Resources\WindowsResearchKernel-WRK\WRK-v1.2\base\ntos\..\..\public\internal\ds\inc -IC:\Users\Administrator\Desktop\CSC362_Windows_Resources\WindowsResearchKernel-WRK\WRK-v1.2\base\ntos\..\..\public\internal\sdktools\inc  -IC:\Users\Administrator\Desktop\CSC362_Windows_Resources\WindowsResearchKernel-WRK\WRK-v1.2\base\ntos\..\inc -IC:\Users\Administrator\Desktop\CSC362_Windows_Resources\WindowsResearchKernel-WRK\WRK-v1.2\base\ntos\..\..\public\internal\base\inc -IC:\Users\Administrator\Desktop\CSC362_Windows_Resources\WindowsResearchKernel-WRK\WRK-v1.2\base\ntos\..\..\public\sdk\inc -IC:\Users\Administrator\Desktop\CSC362_Windows_Resources\WindowsResearchKernel-WRK\WRK-v1.2\base\ntos\..\..\public\sdk\inc\crt -IC:\Users\Administrator\Desktop\CSC362_Windows_Resources\WindowsResearchKernel-WRK\WRK-v1.2\base\ntos\..\..\public\halkit\inc -Foobjamd64\ -D_WIN64 -D_AMD64_ -DAMD64 -DCONDITION_HANDLING=1 -DNT_INST=0 -DWIN32=100 -D_NT1X_=100 -DWINNT=1  -D_WIN32_WINNT=0x0502 -DWINVER=0x0502 -D_WIN32_IE=0x0603 -DWIN32_LEAN_AND_MEAN=1 -DDBG=0 -DDEVL=1  -D__BUILDMACHINE__=WRK1.2(university) -DNDEBUG  -D_NTSYSTEM_ -DNT_SMT -DNTOS_KERNEL_RUNTIME=1 -I..\..\ke -FIC:\Users\Administrator\Desktop\CSC362_Windows_Resources\WindowsResearchKernel-WRK\WRK-v1.2\base\ntos\BUILD\WARNING.h -c ..\amd64\psctxamd64.c ..\amd64\psldt.c ..\amd64\psvdm.c 
  psctxamd64.c
  psldt.c
  psvdm.c
  Generating Code...
  	cl.exe -nologo -Zl -Zp8 -Gy -cbstring -W3 -WX -GR- -GF -GS -Wp64 -Oxt -EHs-c- /Oxt -Gs12288 -GL- -MT -U_MT -I..\amd64 -I. -IC:\Users\Administrator\Desktop\CSC362_Windows_Resources\WindowsResearchKernel-WRK\WRK-v1.2\base\ntos\ps -IC:\Users\Administrator\Desktop\CSC362_Windows_Resources\WindowsResearchKernel-WRK\WRK-v1.2\base\ntos\inc -IC:\Users\Administrator\Desktop\CSC362_Windows_Resources\WindowsResearchKernel-WRK\WRK-v1.2\base\ntos\..\..\public\ddk\inc -IC:\Users\Administrator\Desktop\CSC362_Windows_Resources\WindowsResearchKernel-WRK\WRK-v1.2\base\ntos\..\..\public\internal\ds\inc -IC:\Users\Administrator\Desktop\CSC362_Windows_Resources\WindowsResearchKernel-WRK\WRK-v1.2\base\ntos\..\..\public\internal\sdktools\inc  -IC:\Users\Administrator\Desktop\CSC362_Windows_Resources\WindowsResearchKernel-WRK\WRK-v1.2\base\ntos\..\inc -IC:\Users\Administrator\Desktop\CSC362_Windows_Resources\WindowsResearchKernel-WRK\WRK-v1.2\base\ntos\..\..\public\internal\base\inc -IC:\Users\Administrator\Desktop\CSC362_Windows_Resources\WindowsResearchKernel-WRK\WRK-v1.2\base\ntos\..\..\public\sdk\inc -IC:\Users\Administrator\Desktop\CSC362_Windows_Resources\WindowsResearchKernel-WRK\WRK-v1.2\base\ntos\..\..\public\sdk\inc\crt -IC:\Users\Administrator\Desktop\CSC362_Windows_Resources\WindowsResearchKernel-WRK\WRK-v1.2\base\ntos\..\..\public\halkit\inc -Foobjamd64\ -D_WIN64 -D_AMD64_ -DAMD64 -DCONDITION_HANDLING=1 -DNT_INST=0 -DWIN32=100 -D_NT1X_=100 -DWINNT=1  -D_WIN32_WINNT=0x0502 -DWINVER=0x0502 -D_WIN32_IE=0x0603 -DWIN32_LEAN_AND_MEAN=1 -DDBG=0 -DDEVL=1  -D__BUILDMACHINE__=WRK1.2(university) -DNDEBUG  -D_NTSYSTEM_ -DNT_SMT -DNTOS_KERNEL_RUNTIME=1 -I..\..\ke -FIC:\Users\Administrator\Desktop\CSC362_Windows_Resources\WindowsResearchKernel-WRK\WRK-v1.2\base\ntos\BUILD\WARNING.h -c ..\psspnd.c ..\pscid.c ..\psimpers.c ..\psinit.c ..\psdelete.c ..\psquery.c ..\create.c ..\kulookup.c ..\psquota.c ..\psctx.c ..\psopen.c ..\psjob.c ..\security.c ..\pshelper.c ..\psenum.c 
  psspnd.c
  pscid.c
  psimpers.c
  psinit.c
  psdelete.c
  psquery.c
  create.c
  kulookup.c
  psquota.c
  psctx.c
  psopen.c
  psjob.c
  security.c
  pshelper.c
  psenum.c
  Generating Code...
  linking ps.lib
  	lib.exe -nologo -IGNORE:4108,4088,4218,4218,4235 -IGNORE:4010,4037,4039,4065,4070,4078,4087,4089,4221,4198 -WX -nodefaultlib -machine:amd64 -out:C:\Users\Administrator\Desktop\CSC362_Windows_Resources\WindowsResearchKernel-WRK\WRK-v1.2\base\ntos\BUILD\objamd64\ps.lib objamd64\psctxwrap.obj objamd64\psctxamd64.obj objamd64\psldt.obj objamd64\psvdm.obj objamd64\psspnd.obj objamd64\pscid.obj objamd64\psimpers.obj objamd64\psinit.obj objamd64\psdelete.obj objamd64\psquery.obj objamd64\create.obj objamd64\kulookup.obj objamd64\psquota.obj objamd64\psctx.obj objamd64\psopen.obj objamd64\psjob.obj objamd64\security.obj objamd64\pshelper.obj objamd64\psenum.obj
  	cd C:\Users\Administrator\Desktop\CSC362_Windows_Resources\WindowsResearchKernel-WRK\WRK-v1.2\base\ntos\io\iomgr\BUILD
  	cl.exe -nologo -Zl -Zp8 -Gy -cbstring -W3 -WX -GR- -GF -GS -Wp64 -Oxt -EHs-c- /Oxt -Gs12288 -GL- -MT -U_MT -I..\amd64 -I. -IC:\Users\Administrator\Desktop\CSC362_Windows_Resources\WindowsResearchKernel-WRK\WRK-v1.2\base\ntos\io\iomgr -IC:\Users\Administrator\Desktop\CSC362_Windows_Resources\WindowsResearchKernel-WRK\WRK-v1.2\base\ntos\inc -IC:\Users\Administrator\Desktop\CSC362_Windows_Resources\WindowsResearchKernel-WRK\WRK-v1.2\base\ntos\..\..\public\ddk\inc -IC:\Users\Administrator\Desktop\CSC362_Windows_Resources\WindowsResearchKernel-WRK\WRK-v1.2\base\ntos\..\..\public\internal\ds\inc -IC:\Users\Administrator\Desktop\CSC362_Windows_Resources\WindowsResearchKernel-WRK\WRK-v1.2\base\ntos\..\..\public\internal\sdktools\inc  -IC:\Users\Administrator\Desktop\CSC362_Windows_Resources\WindowsResearchKernel-WRK\WRK-v1.2\base\ntos\..\inc -IC:\Users\Administrator\Desktop\CSC362_Windows_Resources\WindowsResearchKernel-WRK\WRK-v1.2\base\ntos\..\..\public\internal\base\inc -IC:\Users\Administrator\Desktop\CSC362_Windows_Resources\WindowsResearchKernel-WRK\WRK-v1.2\base\ntos\..\..\public\sdk\inc -IC:\Users\Administrator\Desktop\CSC362_Windows_Resources\WindowsResearchKernel-WRK\WRK-v1.2\base\ntos\..\..\public\sdk\inc\crt -IC:\Users\Administrator\Desktop\CSC362_Windows_Resources\WindowsResearchKernel-WRK\WRK-v1.2\base\ntos\..\..\public\halkit\inc -Foobjamd64\ -D_WIN64 -D_AMD64_ -DAMD64 -DCONDITION_HANDLING=1 -DNT_INST=0 -DWIN32=100 -D_NT1X_=100 -DWINNT=1  -D_WIN32_WINNT=0x0502 -DWINVER=0x0502 -D_WIN32_IE=0x0603 -DWIN32_LEAN_AND_MEAN=1 -DDBG=0 -DDEVL=1  -D__BUILDMACHINE__=WRK1.2(university) -DNDEBUG  -D_NTSYSTEM_ -DNT_SMT -DNTOS_KERNEL_RUNTIME=1 -I..\.. -FIC:\Users\Administrator\Desktop\CSC362_Windows_Resources\WindowsResearchKernel-WRK\WRK-v1.2\base\ntos\BUILD\WARNING.h -c ..\cancelapi.c ..\complete.c ..\create.c ..\devctrl.c ..\dev2dos.c ..\dir.c ..\errorlog.c ..\fsctrl.c ..\internal.c ..\iodata.c ..\ioinit.c ..\iosubs.c ..\loadunld.c ..\lock.c ..\misc.c ..\objsup.c ..\open.c ..\parse.c ..\qsea.c ..\qsfs.c ..\qsinfo.c ..\qsquota.c ..\read.c ..\write.c 
  cancelapi.c
  complete.c
  create.c
  devctrl.c
  dev2dos.c
  dir.c
  errorlog.c
  fsctrl.c
  internal.c
  iodata.c
  ioinit.c
  iosubs.c
  loadunld.c
  lock.c
  misc.c
  objsup.c
  open.c
  parse.c
  qsea.c
  qsfs.c
  Generating Code...
  Compiling...
  qsinfo.c
  qsquota.c
  read.c
  write.c
  Generating Code...
  linking iomgr.lib
  	lib.exe -nologo -IGNORE:4108,4088,4218,4218,4235 -IGNORE:4010,4037,4039,4065,4070,4078,4087,4089,4221,4198 -WX -nodefaultlib -machine:amd64 -out:C:\Users\Administrator\Desktop\CSC362_Windows_Resources\WindowsResearchKernel-WRK\WRK-v1.2\base\ntos\BUILD\objamd64\iomgr.lib objamd64\cancelapi.obj objamd64\complete.obj objamd64\create.obj objamd64\devctrl.obj objamd64\dev2dos.obj objamd64\dir.obj objamd64\errorlog.obj objamd64\fsctrl.obj objamd64\internal.obj objamd64\iodata.obj objamd64\ioinit.obj objamd64\iosubs.obj objamd64\loadunld.obj objamd64\lock.obj objamd64\misc.obj objamd64\objsup.obj objamd64\open.obj objamd64\parse.obj objamd64\qsea.obj objamd64\qsfs.obj objamd64\qsinfo.obj objamd64\qsquota.obj objamd64\read.obj objamd64\write.obj
  	cd C:\Users\Administrator\Desktop\CSC362_Windows_Resources\WindowsResearchKernel-WRK\WRK-v1.2\base\ntos\io\BUILD
  	cl.exe -nologo -Zl -Zp8 -Gy -cbstring -W3 -WX -GR- -GF -GS -Wp64 -Oxt -EHs-c- /Oxt -Gs12288 -GL- -MT -U_MT -I..\amd64 -I. -IC:\Users\Administrator\Desktop\CSC362_Windows_Resources\WindowsResearchKernel-WRK\WRK-v1.2\base\ntos\io -IC:\Users\Administrator\Desktop\CSC362_Windows_Resources\WindowsResearchKernel-WRK\WRK-v1.2\base\ntos\inc -IC:\Users\Administrator\Desktop\CSC362_Windows_Resources\WindowsResearchKernel-WRK\WRK-v1.2\base\ntos\..\..\public\ddk\inc -IC:\Users\Administrator\Desktop\CSC362_Windows_Resources\WindowsResearchKernel-WRK\WRK-v1.2\base\ntos\..\..\public\internal\ds\inc -IC:\Users\Administrator\Desktop\CSC362_Windows_Resources\WindowsResearchKernel-WRK\WRK-v1.2\base\ntos\..\..\public\internal\sdktools\inc  -IC:\Users\Administrator\Desktop\CSC362_Windows_Resources\WindowsResearchKernel-WRK\WRK-v1.2\base\ntos\..\inc -IC:\Users\Administrator\Desktop\CSC362_Windows_Resources\WindowsResearchKernel-WRK\WRK-v1.2\base\ntos\..\..\public\internal\base\inc -IC:\Users\Administrator\Desktop\CSC362_Windows_Resources\WindowsResearchKernel-WRK\WRK-v1.2\base\ntos\..\..\public\sdk\inc -IC:\Users\Administrator\Desktop\CSC362_Windows_Resources\WindowsResearchKernel-WRK\WRK-v1.2\base\ntos\..\..\public\sdk\inc\crt -IC:\Users\Administrator\Desktop\CSC362_Windows_Resources\WindowsResearchKernel-WRK\WRK-v1.2\base\ntos\..\..\public\halkit\inc -Foobjamd64\ -D_WIN64 -D_AMD64_ -DAMD64 -DCONDITION_HANDLING=1 -DNT_INST=0 -DWIN32=100 -D_NT1X_=100 -DWINNT=1  -D_WIN32_WINNT=0x0502 -DWINVER=0x0502 -D_WIN32_IE=0x0603 -DWIN32_LEAN_AND_MEAN=1 -DDBG=0 -DDEVL=1  -D__BUILDMACHINE__=WRK1.2(university) -DNDEBUG  -D_NTSYSTEM_ -DNT_SMT -DNTOS_KERNEL_RUNTIME=1  -FIC:\Users\Administrator\Desktop\CSC362_Windows_Resources\WindowsResearchKernel-WRK\WRK-v1.2\base\ntos\BUILD\WARNING.h -c ..\ioguid.c 
  ioguid.c
  linking io.lib
  	lib.exe -nologo -IGNORE:4108,4088,4218,4218,4235 -IGNORE:4010,4037,4039,4065,4070,4078,4087,4089,4221,4198 -WX -nodefaultlib -machine:amd64 -out:C:\Users\Administrator\Desktop\CSC362_Windows_Resources\WindowsResearchKernel-WRK\WRK-v1.2\base\ntos\BUILD\objamd64\io.lib objamd64\ioguid.obj
  	cd C:\Users\Administrator\Desktop\CSC362_Windows_Resources\WindowsResearchKernel-WRK\WRK-v1.2\base\ntos\cache\BUILD
  	cl.exe -nologo -Zl -Zp8 -Gy -cbstring -W3 -WX -GR- -GF -GS -Wp64 -Oxt -EHs-c- /Oxt -Gs12288 -GL- -MT -U_MT -I..\amd64 -I. -IC:\Users\Administrator\Desktop\CSC362_Windows_Resources\WindowsResearchKernel-WRK\WRK-v1.2\base\ntos\cache -IC:\Users\Administrator\Desktop\CSC362_Windows_Resources\WindowsResearchKernel-WRK\WRK-v1.2\base\ntos\inc -IC:\Users\Administrator\Desktop\CSC362_Windows_Resources\WindowsResearchKernel-WRK\WRK-v1.2\base\ntos\..\..\public\ddk\inc -IC:\Users\Administrator\Desktop\CSC362_Windows_Resources\WindowsResearchKernel-WRK\WRK-v1.2\base\ntos\..\..\public\internal\ds\inc -IC:\Users\Administrator\Desktop\CSC362_Windows_Resources\WindowsResearchKernel-WRK\WRK-v1.2\base\ntos\..\..\public\internal\sdktools\inc  -IC:\Users\Administrator\Desktop\CSC362_Windows_Resources\WindowsResearchKernel-WRK\WRK-v1.2\base\ntos\..\inc -IC:\Users\Administrator\Desktop\CSC362_Windows_Resources\WindowsResearchKernel-WRK\WRK-v1.2\base\ntos\..\..\public\internal\base\inc -IC:\Users\Administrator\Desktop\CSC362_Windows_Resources\WindowsResearchKernel-WRK\WRK-v1.2\base\ntos\..\..\public\sdk\inc -IC:\Users\Administrator\Desktop\CSC362_Windows_Resources\WindowsResearchKernel-WRK\WRK-v1.2\base\ntos\..\..\public\sdk\inc\crt -IC:\Users\Administrator\Desktop\CSC362_Windows_Resources\WindowsResearchKernel-WRK\WRK-v1.2\base\ntos\..\..\public\halkit\inc -Foobjamd64\ -D_WIN64 -D_AMD64_ -DAMD64 -DCONDITION_HANDLING=1 -DNT_INST=0 -DWIN32=100 -D_NT1X_=100 -DWINNT=1  -D_WIN32_WINNT=0x0502 -DWINVER=0x0502 -D_WIN32_IE=0x0603 -DWIN32_LEAN_AND_MEAN=1 -DDBG=0 -DDEVL=1  -D__BUILDMACHINE__=WRK1.2(university) -DNDEBUG  -D_NTSYSTEM_ -DNT_SMT -DNTOS_KERNEL_RUNTIME=1  -FIC:\Users\Administrator\Desktop\CSC362_Windows_Resources\WindowsResearchKernel-WRK\WRK-v1.2\base\ntos\BUILD\WARNING.h -c ..\cachedat.c ..\cachesub.c ..\copysup.c ..\fssup.c ..\lazyrite.c ..\logsup.c ..\mdlsup.c ..\pinsup.c ..\ccperf.c ..\vacbsup.c 
  cachedat.c
  cachesub.c
  copysup.c
  fssup.c
  lazyrite.c
  logsup.c
  mdlsup.c
  pinsup.c
  ccperf.c
  vacbsup.c
  Generating Code...
  linking cache.lib
  	lib.exe -nologo -IGNORE:4108,4088,4218,4218,4235 -IGNORE:4010,4037,4039,4065,4070,4078,4087,4089,4221,4198 -WX -nodefaultlib -machine:amd64 -out:C:\Users\Administrator\Desktop\CSC362_Windows_Resources\WindowsResearchKernel-WRK\WRK-v1.2\base\ntos\BUILD\objamd64\cache.lib objamd64\cachedat.obj objamd64\cachesub.obj objamd64\copysup.obj objamd64\fssup.obj objamd64\lazyrite.obj objamd64\logsup.obj objamd64\mdlsup.obj objamd64\pinsup.obj objamd64\ccperf.obj objamd64\vacbsup.obj
  	cd C:\Users\Administrator\Desktop\CSC362_Windows_Resources\WindowsResearchKernel-WRK\WRK-v1.2\base\ntos\lpc\BUILD
  	cl.exe -nologo -Zl -Zp8 -Gy -cbstring -W3 -WX -GR- -GF -GS -Wp64 -Oxt -EHs-c- /Oxt -Gs12288 -GL- -MT -U_MT -I..\amd64 -I. -IC:\Users\Administrator\Desktop\CSC362_Windows_Resources\WindowsResearchKernel-WRK\WRK-v1.2\base\ntos\lpc -IC:\Users\Administrator\Desktop\CSC362_Windows_Resources\WindowsResearchKernel-WRK\WRK-v1.2\base\ntos\inc -IC:\Users\Administrator\Desktop\CSC362_Windows_Resources\WindowsResearchKernel-WRK\WRK-v1.2\base\ntos\..\..\public\ddk\inc -IC:\Users\Administrator\Desktop\CSC362_Windows_Resources\WindowsResearchKernel-WRK\WRK-v1.2\base\ntos\..\..\public\internal\ds\inc -IC:\Users\Administrator\Desktop\CSC362_Windows_Resources\WindowsResearchKernel-WRK\WRK-v1.2\base\ntos\..\..\public\internal\sdktools\inc  -IC:\Users\Administrator\Desktop\CSC362_Windows_Resources\WindowsResearchKernel-WRK\WRK-v1.2\base\ntos\..\inc -IC:\Users\Administrator\Desktop\CSC362_Windows_Resources\WindowsResearchKernel-WRK\WRK-v1.2\base\ntos\..\..\public\internal\base\inc -IC:\Users\Administrator\Desktop\CSC362_Windows_Resources\WindowsResearchKernel-WRK\WRK-v1.2\base\ntos\..\..\public\sdk\inc -IC:\Users\Administrator\Desktop\CSC362_Windows_Resources\WindowsResearchKernel-WRK\WRK-v1.2\base\ntos\..\..\public\sdk\inc\crt -IC:\Users\Administrator\Desktop\CSC362_Windows_Resources\WindowsResearchKernel-WRK\WRK-v1.2\base\ntos\..\..\public\halkit\inc -Foobjamd64\ -D_WIN64 -D_AMD64_ -DAMD64 -DCONDITION_HANDLING=1 -DNT_INST=0 -DWIN32=100 -D_NT1X_=100 -DWINNT=1  -D_WIN32_WINNT=0x0502 -DWINVER=0x0502 -D_WIN32_IE=0x0603 -DWIN32_LEAN_AND_MEAN=1 -DDBG=0 -DDEVL=1  -D__BUILDMACHINE__=WRK1.2(university) -DNDEBUG  -D_NTSYSTEM_ -DNT_SMT -DNTOS_KERNEL_RUNTIME=1  -FIC:\Users\Administrator\Desktop\CSC362_Windows_Resources\WindowsResearchKernel-WRK\WRK-v1.2\base\ntos\BUILD\WARNING.h -c ..\lpcinit.c ..\lpccreat.c ..\lpclistn.c ..\lpcconn.c ..\lpccompl.c ..\lpcsend.c ..\lpcrecv.c ..\lpcreply.c ..\lpcquery.c ..\lpcqueue.c ..\lpcclose.c ..\lpcpriv.c 
  lpcinit.c
  lpccreat.c
  lpclistn.c
  lpcconn.c
  lpccompl.c
  lpcsend.c
  lpcrecv.c
  lpcreply.c
  lpcquery.c
  lpcqueue.c
  lpcclose.c
  lpcpriv.c
  Generating Code...
  linking lpc.lib
  	lib.exe -nologo -IGNORE:4108,4088,4218,4218,4235 -IGNORE:4010,4037,4039,4065,4070,4078,4087,4089,4221,4198 -WX -nodefaultlib -machine:amd64 -out:C:\Users\Administrator\Desktop\CSC362_Windows_Resources\WindowsResearchKernel-WRK\WRK-v1.2\base\ntos\BUILD\objamd64\lpc.lib objamd64\lpcinit.obj objamd64\lpccreat.obj objamd64\lpclistn.obj objamd64\lpcconn.obj objamd64\lpccompl.obj objamd64\lpcsend.obj objamd64\lpcrecv.obj objamd64\lpcreply.obj objamd64\lpcquery.obj objamd64\lpcqueue.obj objamd64\lpcclose.obj objamd64\lpcpriv.obj
  	cd C:\Users\Administrator\Desktop\CSC362_Windows_Resources\WindowsResearchKernel-WRK\WRK-v1.2\base\ntos\dbgk\BUILD
  	cl.exe -nologo -Zl -Zp8 -Gy -cbstring -W3 -WX -GR- -GF -GS -Wp64 -Oxt -EHs-c- /Oxt -Gs12288 -GL- -MT -U_MT -I..\amd64 -I. -IC:\Users\Administrator\Desktop\CSC362_Windows_Resources\WindowsResearchKernel-WRK\WRK-v1.2\base\ntos\dbgk -IC:\Users\Administrator\Desktop\CSC362_Windows_Resources\WindowsResearchKernel-WRK\WRK-v1.2\base\ntos\inc -IC:\Users\Administrator\Desktop\CSC362_Windows_Resources\WindowsResearchKernel-WRK\WRK-v1.2\base\ntos\..\..\public\ddk\inc -IC:\Users\Administrator\Desktop\CSC362_Windows_Resources\WindowsResearchKernel-WRK\WRK-v1.2\base\ntos\..\..\public\internal\ds\inc -IC:\Users\Administrator\Desktop\CSC362_Windows_Resources\WindowsResearchKernel-WRK\WRK-v1.2\base\ntos\..\..\public\internal\sdktools\inc  -IC:\Users\Administrator\Desktop\CSC362_Windows_Resources\WindowsResearchKernel-WRK\WRK-v1.2\base\ntos\..\inc -IC:\Users\Administrator\Desktop\CSC362_Windows_Resources\WindowsResearchKernel-WRK\WRK-v1.2\base\ntos\..\..\public\internal\base\inc -IC:\Users\Administrator\Desktop\CSC362_Windows_Resources\WindowsResearchKernel-WRK\WRK-v1.2\base\ntos\..\..\public\sdk\inc -IC:\Users\Administrator\Desktop\CSC362_Windows_Resources\WindowsResearchKernel-WRK\WRK-v1.2\base\ntos\..\..\public\sdk\inc\crt -IC:\Users\Administrator\Desktop\CSC362_Windows_Resources\WindowsResearchKernel-WRK\WRK-v1.2\base\ntos\..\..\public\halkit\inc -Foobjamd64\ -D_WIN64 -D_AMD64_ -DAMD64 -DCONDITION_HANDLING=1 -DNT_INST=0 -DWIN32=100 -D_NT1X_=100 -DWINNT=1  -D_WIN32_WINNT=0x0502 -DWINVER=0x0502 -D_WIN32_IE=0x0603 -DWIN32_LEAN_AND_MEAN=1 -DDBG=0 -DDEVL=1  -D__BUILDMACHINE__=WRK1.2(university) -DNDEBUG  -D_NTSYSTEM_ -DNT_SMT -DNTOS_KERNEL_RUNTIME=1  -FIC:\Users\Administrator\Desktop\CSC362_Windows_Resources\WindowsResearchKernel-WRK\WRK-v1.2\base\ntos\BUILD\WARNING.h -c ..\dbgkport.c ..\dbgkproc.c ..\dbgkobj.c 
  dbgkport.c
  dbgkproc.c
  dbgkobj.c
  Generating Code...
  linking dbgk.lib
  	lib.exe -nologo -IGNORE:4108,4088,4218,4218,4235 -IGNORE:4010,4037,4039,4065,4070,4078,4087,4089,4221,4198 -WX -nodefaultlib -machine:amd64 -out:C:\Users\Administrator\Desktop\CSC362_Windows_Resources\WindowsResearchKernel-WRK\WRK-v1.2\base\ntos\BUILD\objamd64\dbgk.lib objamd64\dbgkport.obj objamd64\dbgkproc.obj objamd64\dbgkobj.obj
  	cd C:\Users\Administrator\Desktop\CSC362_Windows_Resources\WindowsResearchKernel-WRK\WRK-v1.2\base\ntos\raw\BUILD
  	cl.exe -nologo -Zl -Zp8 -Gy -cbstring -W3 -WX -GR- -GF -GS -Wp64 -Oxt -EHs-c- /Oxt -Gs12288 -GL- -MT -U_MT -I..\amd64 -I. -IC:\Users\Administrator\Desktop\CSC362_Windows_Resources\WindowsResearchKernel-WRK\WRK-v1.2\base\ntos\raw -IC:\Users\Administrator\Desktop\CSC362_Windows_Resources\WindowsResearchKernel-WRK\WRK-v1.2\base\ntos\inc -IC:\Users\Administrator\Desktop\CSC362_Windows_Resources\WindowsResearchKernel-WRK\WRK-v1.2\base\ntos\..\..\public\ddk\inc -IC:\Users\Administrator\Desktop\CSC362_Windows_Resources\WindowsResearchKernel-WRK\WRK-v1.2\base\ntos\..\..\public\internal\ds\inc -IC:\Users\Administrator\Desktop\CSC362_Windows_Resources\WindowsResearchKernel-WRK\WRK-v1.2\base\ntos\..\..\public\internal\sdktools\inc  -IC:\Users\Administrator\Desktop\CSC362_Windows_Resources\WindowsResearchKernel-WRK\WRK-v1.2\base\ntos\..\inc -IC:\Users\Administrator\Desktop\CSC362_Windows_Resources\WindowsResearchKernel-WRK\WRK-v1.2\base\ntos\..\..\public\internal\base\inc -IC:\Users\Administrator\Desktop\CSC362_Windows_Resources\WindowsResearchKernel-WRK\WRK-v1.2\base\ntos\..\..\public\sdk\inc -IC:\Users\Administrator\Desktop\CSC362_Windows_Resources\WindowsResearchKernel-WRK\WRK-v1.2\base\ntos\..\..\public\sdk\inc\crt -IC:\Users\Administrator\Desktop\CSC362_Windows_Resources\WindowsResearchKernel-WRK\WRK-v1.2\base\ntos\..\..\public\halkit\inc -Foobjamd64\ -D_WIN64 -D_AMD64_ -DAMD64 -DCONDITION_HANDLING=1 -DNT_INST=0 -DWIN32=100 -D_NT1X_=100 -DWINNT=1  -D_WIN32_WINNT=0x0502 -DWINVER=0x0502 -D_WIN32_IE=0x0603 -DWIN32_LEAN_AND_MEAN=1 -DDBG=0 -DDEVL=1  -D__BUILDMACHINE__=WRK1.2(university) -DNDEBUG  -D_NTSYSTEM_ -DNT_SMT -DNTOS_KERNEL_RUNTIME=1  -FIC:\Users\Administrator\Desktop\CSC362_Windows_Resources\WindowsResearchKernel-WRK\WRK-v1.2\base\ntos\BUILD\WARNING.h -c ..\Cleanup.c ..\Close.c ..\Create.c ..\FileInfo.c ..\FsCtrl.c ..\StrucSup.c ..\RawDisp.c ..\RawInit.c ..\ReadWrit.c ..\VolInfo.c 
  Cleanup.c
  Close.c
  Create.c
  FileInfo.c
  FsCtrl.c
  StrucSup.c
  RawDisp.c
  RawInit.c
  ReadWrit.c
  VolInfo.c
  Generating Code...
  linking raw.lib
  	lib.exe -nologo -IGNORE:4108,4088,4218,4218,4235 -IGNORE:4010,4037,4039,4065,4070,4078,4087,4089,4221,4198 -WX -nodefaultlib -machine:amd64 -out:C:\Users\Administrator\Desktop\CSC362_Windows_Resources\WindowsResearchKernel-WRK\WRK-v1.2\base\ntos\BUILD\objamd64\raw.lib objamd64\Cleanup.obj objamd64\Close.obj objamd64\Create.obj objamd64\FileInfo.obj objamd64\FsCtrl.obj objamd64\StrucSup.obj objamd64\RawDisp.obj objamd64\RawInit.obj objamd64\ReadWrit.obj objamd64\VolInfo.obj
  	cd C:\Users\Administrator\Desktop\CSC362_Windows_Resources\WindowsResearchKernel-WRK\WRK-v1.2\base\ntos\fstub\BUILD
  	cl.exe -nologo -Zl -Zp8 -Gy -cbstring -W3 -WX -GR- -GF -GS -Wp64 -Oxt -EHs-c- /Oxt -Gs12288 -GL- -MT -U_MT -I..\amd64 -I. -IC:\Users\Administrator\Desktop\CSC362_Windows_Resources\WindowsResearchKernel-WRK\WRK-v1.2\base\ntos\fstub -IC:\Users\Administrator\Desktop\CSC362_Windows_Resources\WindowsResearchKernel-WRK\WRK-v1.2\base\ntos\inc -IC:\Users\Administrator\Desktop\CSC362_Windows_Resources\WindowsResearchKernel-WRK\WRK-v1.2\base\ntos\..\..\public\ddk\inc -IC:\Users\Administrator\Desktop\CSC362_Windows_Resources\WindowsResearchKernel-WRK\WRK-v1.2\base\ntos\..\..\public\internal\ds\inc -IC:\Users\Administrator\Desktop\CSC362_Windows_Resources\WindowsResearchKernel-WRK\WRK-v1.2\base\ntos\..\..\public\internal\sdktools\inc  -IC:\Users\Administrator\Desktop\CSC362_Windows_Resources\WindowsResearchKernel-WRK\WRK-v1.2\base\ntos\..\inc -IC:\Users\Administrator\Desktop\CSC362_Windows_Resources\WindowsResearchKernel-WRK\WRK-v1.2\base\ntos\..\..\public\internal\base\inc -IC:\Users\Administrator\Desktop\CSC362_Windows_Resources\WindowsResearchKernel-WRK\WRK-v1.2\base\ntos\..\..\public\sdk\inc -IC:\Users\Administrator\Desktop\CSC362_Windows_Resources\WindowsResearchKernel-WRK\WRK-v1.2\base\ntos\..\..\public\sdk\inc\crt -IC:\Users\Administrator\Desktop\CSC362_Windows_Resources\WindowsResearchKernel-WRK\WRK-v1.2\base\ntos\..\..\public\halkit\inc -Foobjamd64\ -D_WIN64 -D_AMD64_ -DAMD64 -DCONDITION_HANDLING=1 -DNT_INST=0 -DWIN32=100 -D_NT1X_=100 -DWINNT=1  -D_WIN32_WINNT=0x0502 -DWINVER=0x0502 -D_WIN32_IE=0x0603 -DWIN32_LEAN_AND_MEAN=1 -DDBG=0 -DDEVL=1  -D__BUILDMACHINE__=WRK1.2(university) -DNDEBUG  -D_NTSYSTEM_ -DNT_SMT -DNTOS_KERNEL_RUNTIME=1  -FIC:\Users\Administrator\Desktop\CSC362_Windows_Resources\WindowsResearchKernel-WRK\WRK-v1.2\base\ntos\BUILD\WARNING.h -c ..\drivesup.c 
  drivesup.c
  linking fstub.lib
  	lib.exe -nologo -IGNORE:4108,4088,4218,4218,4235 -IGNORE:4010,4037,4039,4065,4070,4078,4087,4089,4221,4198 -WX -nodefaultlib -machine:amd64 -out:C:\Users\Administrator\Desktop\CSC362_Windows_Resources\WindowsResearchKernel-WRK\WRK-v1.2\base\ntos\BUILD\objamd64\fstub.lib objamd64\drivesup.obj
  	cd C:\Users\Administrator\Desktop\CSC362_Windows_Resources\WindowsResearchKernel-WRK\WRK-v1.2\base\ntos\fsrtl\BUILD
  	cl.exe -nologo -Zl -Zp8 -Gy -cbstring -W3 -WX -GR- -GF -GS -Wp64 -Oxt -EHs-c- /Oxt -Gs12288 -GL- -MT -U_MT -I..\amd64 -I. -IC:\Users\Administrator\Desktop\CSC362_Windows_Resources\WindowsResearchKernel-WRK\WRK-v1.2\base\ntos\fsrtl -IC:\Users\Administrator\Desktop\CSC362_Windows_Resources\WindowsResearchKernel-WRK\WRK-v1.2\base\ntos\inc -IC:\Users\Administrator\Desktop\CSC362_Windows_Resources\WindowsResearchKernel-WRK\WRK-v1.2\base\ntos\..\..\public\ddk\inc -IC:\Users\Administrator\Desktop\CSC362_Windows_Resources\WindowsResearchKernel-WRK\WRK-v1.2\base\ntos\..\..\public\internal\ds\inc -IC:\Users\Administrator\Desktop\CSC362_Windows_Resources\WindowsResearchKernel-WRK\WRK-v1.2\base\ntos\..\..\public\internal\sdktools\inc  -IC:\Users\Administrator\Desktop\CSC362_Windows_Resources\WindowsResearchKernel-WRK\WRK-v1.2\base\ntos\..\inc -IC:\Users\Administrator\Desktop\CSC362_Windows_Resources\WindowsResearchKernel-WRK\WRK-v1.2\base\ntos\..\..\public\internal\base\inc -IC:\Users\Administrator\Desktop\CSC362_Windows_Resources\WindowsResearchKernel-WRK\WRK-v1.2\base\ntos\..\..\public\sdk\inc -IC:\Users\Administrator\Desktop\CSC362_Windows_Resources\WindowsResearchKernel-WRK\WRK-v1.2\base\ntos\..\..\public\sdk\inc\crt -IC:\Users\Administrator\Desktop\CSC362_Windows_Resources\WindowsResearchKernel-WRK\WRK-v1.2\base\ntos\..\..\public\halkit\inc -Foobjamd64\ -D_WIN64 -D_AMD64_ -DAMD64 -DCONDITION_HANDLING=1 -DNT_INST=0 -DWIN32=100 -D_NT1X_=100 -DWINNT=1  -D_WIN32_WINNT=0x0502 -DWINVER=0x0502 -D_WIN32_IE=0x0603 -DWIN32_LEAN_AND_MEAN=1 -DDBG=0 -DDEVL=1  -D__BUILDMACHINE__=WRK1.2(university) -DNDEBUG  -D_NTSYSTEM_ -DNT_SMT -DNTOS_KERNEL_RUNTIME=1  -FIC:\Users\Administrator\Desktop\CSC362_Windows_Resources\WindowsResearchKernel-WRK\WRK-v1.2\base\ntos\BUILD\WARNING.h -c ..\DbcsName.c ..\FastIo.c ..\FaultTol.c ..\FileLock.c ..\Filter.c ..\FiltrCtx.c ..\FsFilter.c ..\FsRtlPc.c ..\LargeMcb.c ..\Name.c ..\Notify.c ..\Oplock.c ..\PnP.c ..\Unc.c ..\Tunnel.c ..\StackOvf.c 
  DbcsName.c
  FastIo.c
  FaultTol.c
  FileLock.c
  Filter.c
  FiltrCtx.c
  FsFilter.c
  FsRtlPc.c
  LargeMcb.c
  Name.c
  Notify.c
  Oplock.c
  PnP.c
  Unc.c
  Tunnel.c
  StackOvf.c
  Generating Code...
  linking fsrtl.lib
  	lib.exe -nologo -IGNORE:4108,4088,4218,4218,4235 -IGNORE:4010,4037,4039,4065,4070,4078,4087,4089,4221,4198 -WX -nodefaultlib -machine:amd64 -out:C:\Users\Administrator\Desktop\CSC362_Windows_Resources\WindowsResearchKernel-WRK\WRK-v1.2\base\ntos\BUILD\objamd64\fsrtl.lib objamd64\DbcsName.obj objamd64\FastIo.obj objamd64\FaultTol.obj objamd64\FileLock.obj objamd64\Filter.obj objamd64\FiltrCtx.obj objamd64\FsFilter.obj objamd64\FsRtlPc.obj objamd64\LargeMcb.obj objamd64\Name.obj objamd64\Notify.obj objamd64\Oplock.obj objamd64\PnP.obj objamd64\Unc.obj objamd64\Tunnel.obj objamd64\StackOvf.obj
  	cd C:\Users\Administrator\Desktop\CSC362_Windows_Resources\WindowsResearchKernel-WRK\WRK-v1.2\base\ntos\wmi\BUILD
  	cl.exe -nologo -Zl -Zp8 -Gy -cbstring -W3 -WX -GR- -GF -GS -Wp64 -Oxt -EHs-c- /Oxt -Gs12288 -GL- -MT -U_MT -I..\amd64 -I. -IC:\Users\Administrator\Desktop\CSC362_Windows_Resources\WindowsResearchKernel-WRK\WRK-v1.2\base\ntos\wmi -IC:\Users\Administrator\Desktop\CSC362_Windows_Resources\WindowsResearchKernel-WRK\WRK-v1.2\base\ntos\inc -IC:\Users\Administrator\Desktop\CSC362_Windows_Resources\WindowsResearchKernel-WRK\WRK-v1.2\base\ntos\..\..\public\ddk\inc -IC:\Users\Administrator\Desktop\CSC362_Windows_Resources\WindowsResearchKernel-WRK\WRK-v1.2\base\ntos\..\..\public\internal\ds\inc -IC:\Users\Administrator\Desktop\CSC362_Windows_Resources\WindowsResearchKernel-WRK\WRK-v1.2\base\ntos\..\..\public\internal\sdktools\inc  -IC:\Users\Administrator\Desktop\CSC362_Windows_Resources\WindowsResearchKernel-WRK\WRK-v1.2\base\ntos\..\inc -IC:\Users\Administrator\Desktop\CSC362_Windows_Resources\WindowsResearchKernel-WRK\WRK-v1.2\base\ntos\..\..\public\internal\base\inc -IC:\Users\Administrator\Desktop\CSC362_Windows_Resources\WindowsResearchKernel-WRK\WRK-v1.2\base\ntos\..\..\public\sdk\inc -IC:\Users\Administrator\Desktop\CSC362_Windows_Resources\WindowsResearchKernel-WRK\WRK-v1.2\base\ntos\..\..\public\sdk\inc\crt -IC:\Users\Administrator\Desktop\CSC362_Windows_Resources\WindowsResearchKernel-WRK\WRK-v1.2\base\ntos\..\..\public\halkit\inc -Foobjamd64\ -D_WIN64 -D_AMD64_ -DAMD64 -DCONDITION_HANDLING=1 -DNT_INST=0 -DWIN32=100 -D_NT1X_=100 -DWINNT=1  -D_WIN32_WINNT=0x0502 -DWINVER=0x0502 -D_WIN32_IE=0x0603 -DWIN32_LEAN_AND_MEAN=1 -DDBG=0 -DDEVL=1  -D__BUILDMACHINE__=WRK1.2(university) -DNDEBUG  -D_NTSYSTEM_ -DNT_SMT -DNTOS_KERNEL_RUNTIME=1 -DUNICODE -FIC:\Users\Administrator\Desktop\CSC362_Windows_Resources\WindowsResearchKernel-WRK\WRK-v1.2\base\ntos\BUILD\WARNING.h -c ..\amd64\mcaevent.c 
  mcaevent.c
  	cl.exe -nologo -Zl -Zp8 -Gy -cbstring -W3 -WX -GR- -GF -GS -Wp64 -Oxt -EHs-c- /Oxt -Gs12288 -GL- -MT -U_MT -I..\amd64 -I. -IC:\Users\Administrator\Desktop\CSC362_Windows_Resources\WindowsResearchKernel-WRK\WRK-v1.2\base\ntos\wmi -IC:\Users\Administrator\Desktop\CSC362_Windows_Resources\WindowsResearchKernel-WRK\WRK-v1.2\base\ntos\inc -IC:\Users\Administrator\Desktop\CSC362_Windows_Resources\WindowsResearchKernel-WRK\WRK-v1.2\base\ntos\..\..\public\ddk\inc -IC:\Users\Administrator\Desktop\CSC362_Windows_Resources\WindowsResearchKernel-WRK\WRK-v1.2\base\ntos\..\..\public\internal\ds\inc -IC:\Users\Administrator\Desktop\CSC362_Windows_Resources\WindowsResearchKernel-WRK\WRK-v1.2\base\ntos\..\..\public\internal\sdktools\inc  -IC:\Users\Administrator\Desktop\CSC362_Windows_Resources\WindowsResearchKernel-WRK\WRK-v1.2\base\ntos\..\inc -IC:\Users\Administrator\Desktop\CSC362_Windows_Resources\WindowsResearchKernel-WRK\WRK-v1.2\base\ntos\..\..\public\internal\base\inc -IC:\Users\Administrator\Desktop\CSC362_Windows_Resources\WindowsResearchKernel-WRK\WRK-v1.2\base\ntos\..\..\public\sdk\inc -IC:\Users\Administrator\Desktop\CSC362_Windows_Resources\WindowsResearchKernel-WRK\WRK-v1.2\base\ntos\..\..\public\sdk\inc\crt -IC:\Users\Administrator\Desktop\CSC362_Windows_Resources\WindowsResearchKernel-WRK\WRK-v1.2\base\ntos\..\..\public\halkit\inc -Foobjamd64\ -D_WIN64 -D_AMD64_ -DAMD64 -DCONDITION_HANDLING=1 -DNT_INST=0 -DWIN32=100 -D_NT1X_=100 -DWINNT=1  -D_WIN32_WINNT=0x0502 -DWINVER=0x0502 -D_WIN32_IE=0x0603 -DWIN32_LEAN_AND_MEAN=1 -DDBG=0 -DDEVL=1  -D__BUILDMACHINE__=WRK1.2(university) -DNDEBUG  -D_NTSYSTEM_ -DNT_SMT -DNTOS_KERNEL_RUNTIME=1 -DUNICODE -FIC:\Users\Administrator\Desktop\CSC362_Windows_Resources\WindowsResearchKernel-WRK\WRK-v1.2\base\ntos\BUILD\WARNING.h -c ..\wmi.c ..\register.c ..\api.c ..\notify.c ..\callouts.c ..\tracelog.c ..\traceapi.c ..\tracesup.c ..\secure.c ..\globalog.c ..\wmidata.c ..\dataprov.c ..\alloc.c ..\chunk.c ..\ds.c ..\consumer.c ..\enabdisa.c ..\smbios.c ..\mca.c ..\provider.c 
  wmi.c
  register.c
  api.c
  notify.c
  callouts.c
  tracelog.c
  traceapi.c
  tracesup.c
  secure.c
  globalog.c
  wmidata.c
  dataprov.c
  alloc.c
  chunk.c
  ds.c
  consumer.c
  enabdisa.c
  smbios.c
  mca.c
  provider.c
  Generating Code...
  linking wmi.lib
  	lib.exe -nologo -IGNORE:4108,4088,4218,4218,4235 -IGNORE:4010,4037,4039,4065,4070,4078,4087,4089,4221,4198 -WX -nodefaultlib -machine:amd64 -out:C:\Users\Administrator\Desktop\CSC362_Windows_Resources\WindowsResearchKernel-WRK\WRK-v1.2\base\ntos\BUILD\objamd64\wmi.lib objamd64\mcaevent.obj objamd64\wmi.obj objamd64\register.obj objamd64\api.obj objamd64\notify.obj objamd64\callouts.obj objamd64\tracelog.obj objamd64\traceapi.obj objamd64\tracesup.obj objamd64\secure.obj objamd64\globalog.obj objamd64\wmidata.obj objamd64\dataprov.obj objamd64\alloc.obj objamd64\chunk.obj objamd64\ds.obj objamd64\consumer.obj objamd64\enabdisa.obj objamd64\smbios.obj objamd64\mca.obj objamd64\provider.obj
  	cd C:\Users\Administrator\Desktop\CSC362_Windows_Resources\WindowsResearchKernel-WRK\WRK-v1.2\base\ntos\perf\BUILD
  	cl.exe -nologo -Zl -Zp8 -Gy -cbstring -W3 -WX -GR- -GF -GS -Wp64 -Oxt -EHs-c- /Oxt -Gs12288 -GL- -MT -U_MT -I..\amd64 -I. -IC:\Users\Administrator\Desktop\CSC362_Windows_Resources\WindowsResearchKernel-WRK\WRK-v1.2\base\ntos\perf -IC:\Users\Administrator\Desktop\CSC362_Windows_Resources\WindowsResearchKernel-WRK\WRK-v1.2\base\ntos\inc -IC:\Users\Administrator\Desktop\CSC362_Windows_Resources\WindowsResearchKernel-WRK\WRK-v1.2\base\ntos\..\..\public\ddk\inc -IC:\Users\Administrator\Desktop\CSC362_Windows_Resources\WindowsResearchKernel-WRK\WRK-v1.2\base\ntos\..\..\public\internal\ds\inc -IC:\Users\Administrator\Desktop\CSC362_Windows_Resources\WindowsResearchKernel-WRK\WRK-v1.2\base\ntos\..\..\public\internal\sdktools\inc  -IC:\Users\Administrator\Desktop\CSC362_Windows_Resources\WindowsResearchKernel-WRK\WRK-v1.2\base\ntos\..\inc -IC:\Users\Administrator\Desktop\CSC362_Windows_Resources\WindowsResearchKernel-WRK\WRK-v1.2\base\ntos\..\..\public\internal\base\inc -IC:\Users\Administrator\Desktop\CSC362_Windows_Resources\WindowsResearchKernel-WRK\WRK-v1.2\base\ntos\..\..\public\sdk\inc -IC:\Users\Administrator\Desktop\CSC362_Windows_Resources\WindowsResearchKernel-WRK\WRK-v1.2\base\ntos\..\..\public\sdk\inc\crt -IC:\Users\Administrator\Desktop\CSC362_Windows_Resources\WindowsResearchKernel-WRK\WRK-v1.2\base\ntos\..\..\public\halkit\inc -Foobjamd64\ -D_WIN64 -D_AMD64_ -DAMD64 -DCONDITION_HANDLING=1 -DNT_INST=0 -DWIN32=100 -D_NT1X_=100 -DWINNT=1  -D_WIN32_WINNT=0x0502 -DWINVER=0x0502 -D_WIN32_IE=0x0603 -DWIN32_LEAN_AND_MEAN=1 -DDBG=0 -DDEVL=1  -D__BUILDMACHINE__=WRK1.2(university) -DNDEBUG  -D_NTSYSTEM_ -DNT_SMT -DNTOS_KERNEL_RUNTIME=1  -FIC:\Users\Administrator\Desktop\CSC362_Windows_Resources\WindowsResearchKernel-WRK\WRK-v1.2\base\ntos\BUILD\WARNING.h -c ..\hooks.c ..\logging.c ..\perfdata.c ..\perfsup.c 
  hooks.c
  logging.c
  perfdata.c
  perfsup.c
  Generating Code...
  linking perf.lib
  	lib.exe -nologo -IGNORE:4108,4088,4218,4218,4235 -IGNORE:4010,4037,4039,4065,4070,4078,4087,4089,4221,4198 -WX -nodefaultlib -machine:amd64 -out:C:\Users\Administrator\Desktop\CSC362_Windows_Resources\WindowsResearchKernel-WRK\WRK-v1.2\base\ntos\BUILD\objamd64\perf.lib objamd64\hooks.obj objamd64\logging.obj objamd64\perfdata.obj objamd64\perfsup.obj
  	cd C:\Users\Administrator\Desktop\CSC362_Windows_Resources\WindowsResearchKernel-WRK\WRK-v1.2\base\ntos\init\BUILD
  	cl.exe -nologo -Zl -Zp8 -Gy -cbstring -W3 -WX -GR- -GF -GS -Wp64 -Oxt -EHs-c- /Oxt -Gs12288 -GL- -MT -U_MT -I..\amd64 -I. -IC:\Users\Administrator\Desktop\CSC362_Windows_Resources\WindowsResearchKernel-WRK\WRK-v1.2\base\ntos\init -IC:\Users\Administrator\Desktop\CSC362_Windows_Resources\WindowsResearchKernel-WRK\WRK-v1.2\base\ntos\inc -IC:\Users\Administrator\Desktop\CSC362_Windows_Resources\WindowsResearchKernel-WRK\WRK-v1.2\base\ntos\..\..\public\ddk\inc -IC:\Users\Administrator\Desktop\CSC362_Windows_Resources\WindowsResearchKernel-WRK\WRK-v1.2\base\ntos\..\..\public\internal\ds\inc -IC:\Users\Administrator\Desktop\CSC362_Windows_Resources\WindowsResearchKernel-WRK\WRK-v1.2\base\ntos\..\..\public\internal\sdktools\inc  -IC:\Users\Administrator\Desktop\CSC362_Windows_Resources\WindowsResearchKernel-WRK\WRK-v1.2\base\ntos\..\inc -IC:\Users\Administrator\Desktop\CSC362_Windows_Resources\WindowsResearchKernel-WRK\WRK-v1.2\base\ntos\..\..\public\internal\base\inc -IC:\Users\Administrator\Desktop\CSC362_Windows_Resources\WindowsResearchKernel-WRK\WRK-v1.2\base\ntos\..\..\public\sdk\inc -IC:\Users\Administrator\Desktop\CSC362_Windows_Resources\WindowsResearchKernel-WRK\WRK-v1.2\base\ntos\..\..\public\sdk\inc\crt -IC:\Users\Administrator\Desktop\CSC362_Windows_Resources\WindowsResearchKernel-WRK\WRK-v1.2\base\ntos\..\..\public\halkit\inc -Foobjamd64\ -D_WIN64 -D_AMD64_ -DAMD64 -DCONDITION_HANDLING=1 -DNT_INST=0 -DWIN32=100 -D_NT1X_=100 -DWINNT=1  -D_WIN32_WINNT=0x0502 -DWINVER=0x0502 -D_WIN32_IE=0x0603 -DWIN32_LEAN_AND_MEAN=1 -DDBG=0 -DDEVL=1  -D__BUILDMACHINE__=WRK1.2(university) -DNDEBUG  -D_NTSYSTEM_ -DNT_SMT -DNTOS_KERNEL_RUNTIME=1  -FIC:\Users\Administrator\Desktop\CSC362_Windows_Resources\WindowsResearchKernel-WRK\WRK-v1.2\base\ntos\BUILD\WARNING.h -c ..\initos.c 
  initos.c
  linking init.lib
  	lib.exe -nologo -IGNORE:4108,4088,4218,4218,4235 -IGNORE:4010,4037,4039,4065,4070,4078,4087,4089,4221,4198 -WX -nodefaultlib -machine:amd64 -out:C:\Users\Administrator\Desktop\CSC362_Windows_Resources\WindowsResearchKernel-WRK\WRK-v1.2\base\ntos\BUILD\objamd64\init.lib objamd64\initos.obj
  	cl.exe -nologo -Zl -Zp8 -Gy -cbstring -W3 -WX -GR- -GF -GS -Wp64 -Oxt -EHs-c- /Oxt -Gs12288 -GL- -MT -U_MT -I..\amd64 -I. -IC:\Users\Administrator\Desktop\CSC362_Windows_Resources\WindowsResearchKernel-WRK\WRK-v1.2\base\ntos\init -IC:\Users\Administrator\Desktop\CSC362_Windows_Resources\WindowsResearchKernel-WRK\WRK-v1.2\base\ntos\inc -IC:\Users\Administrator\Desktop\CSC362_Windows_Resources\WindowsResearchKernel-WRK\WRK-v1.2\base\ntos\..\..\public\ddk\inc -IC:\Users\Administrator\Desktop\CSC362_Windows_Resources\WindowsResearchKernel-WRK\WRK-v1.2\base\ntos\..\..\public\internal\ds\inc -IC:\Users\Administrator\Desktop\CSC362_Windows_Resources\WindowsResearchKernel-WRK\WRK-v1.2\base\ntos\..\..\public\internal\sdktools\inc  -IC:\Users\Administrator\Desktop\CSC362_Windows_Resources\WindowsResearchKernel-WRK\WRK-v1.2\base\ntos\..\inc -IC:\Users\Administrator\Desktop\CSC362_Windows_Resources\WindowsResearchKernel-WRK\WRK-v1.2\base\ntos\..\..\public\internal\base\inc -IC:\Users\Administrator\Desktop\CSC362_Windows_Resources\WindowsResearchKernel-WRK\WRK-v1.2\base\ntos\..\..\public\sdk\inc -IC:\Users\Administrator\Desktop\CSC362_Windows_Resources\WindowsResearchKernel-WRK\WRK-v1.2\base\ntos\..\..\public\sdk\inc\crt -IC:\Users\Administrator\Desktop\CSC362_Windows_Resources\WindowsResearchKernel-WRK\WRK-v1.2\base\ntos\..\..\public\halkit\inc -Foobjamd64\ -D_WIN64 -D_AMD64_ -DAMD64 -DCONDITION_HANDLING=1 -DNT_INST=0 -DWIN32=100 -D_NT1X_=100 -DWINNT=1  -D_WIN32_WINNT=0x0502 -DWINVER=0x0502 -D_WIN32_IE=0x0603 -DWIN32_LEAN_AND_MEAN=1 -DDBG=0 -DDEVL=1  -D__BUILDMACHINE__=WRK1.2(university) -DNDEBUG  -D_NTSYSTEM_ -DNT_SMT -DNTOS_KERNEL_RUNTIME=1  -FIC:\Users\Administrator\Desktop\CSC362_Windows_Resources\WindowsResearchKernel-WRK\WRK-v1.2\base\ntos\BUILD\WARNING.h -c ..\ntkrnlmp.c 
  ntkrnlmp.c
  
  C:\Users\Administrator\Desktop\CSC362_Windows_Resources\WindowsResearchKernel-WRK\WRK-v1.2\base\ntos\init\BUILD>xcopy objamd64\ntkrnlmp.obj C:\Users\Administrator\Desktop\CSC362_Windows_Resources\WindowsResearchKernel-WRK\WRK-v1.2\base\ntos\BUILD\objamd64\ /Y 
  objamd64\ntkrnlmp.obj
  1 File(s) copied
  	cd C:\Users\Administrator\Desktop\CSC362_Windows_Resources\WindowsResearchKernel-WRK\WRK-v1.2\base\ntos\BUILD
  	copy ..\init\ntoskrnl.src+..\init\amd64def.src objamd64\wrkamd64.pp
  ..\init\ntoskrnl.src
  ..\init\amd64def.src
          1 file(s) copied.
  	cl.exe -nologo -Zl -Zp8 -Gy -cbstring -W3 -WX -GR- -GF -GS -Wp64 -Oxt -EHs-c- /Oxt -Gs12288 -GL- -MT -U_MT -I..\amd64 -I. -IC:\Users\Administrator\Desktop\CSC362_Windows_Resources\WindowsResearchKernel-WRK\WRK-v1.2\base\ntos\BUILD -IC:\Users\Administrator\Desktop\CSC362_Windows_Resources\WindowsResearchKernel-WRK\WRK-v1.2\base\ntos\inc -IC:\Users\Administrator\Desktop\CSC362_Windows_Resources\WindowsResearchKernel-WRK\WRK-v1.2\base\ntos\..\..\public\ddk\inc -IC:\Users\Administrator\Desktop\CSC362_Windows_Resources\WindowsResearchKernel-WRK\WRK-v1.2\base\ntos\..\..\public\internal\ds\inc -IC:\Users\Administrator\Desktop\CSC362_Windows_Resources\WindowsResearchKernel-WRK\WRK-v1.2\base\ntos\..\..\public\internal\sdktools\inc  -IC:\Users\Administrator\Desktop\CSC362_Windows_Resources\WindowsResearchKernel-WRK\WRK-v1.2\base\ntos\..\inc -IC:\Users\Administrator\Desktop\CSC362_Windows_Resources\WindowsResearchKernel-WRK\WRK-v1.2\base\ntos\..\..\public\internal\base\inc -IC:\Users\Administrator\Desktop\CSC362_Windows_Resources\WindowsResearchKernel-WRK\WRK-v1.2\base\ntos\..\..\public\sdk\inc -IC:\Users\Administrator\Desktop\CSC362_Windows_Resources\WindowsResearchKernel-WRK\WRK-v1.2\base\ntos\..\..\public\sdk\inc\crt -IC:\Users\Administrator\Desktop\CSC362_Windows_Resources\WindowsResearchKernel-WRK\WRK-v1.2\base\ntos\..\..\public\halkit\inc -Foobjamd64\ -D_WIN64 -D_AMD64_ -DAMD64 -DCONDITION_HANDLING=1 -DNT_INST=0 -DWIN32=100 -D_NT1X_=100 -DWINNT=1  -D_WIN32_WINNT=0x0502 -DWINVER=0x0502 -D_WIN32_IE=0x0603 -DWIN32_LEAN_AND_MEAN=1 -DDBG=0 -DDEVL=1  -D__BUILDMACHINE__=WRK1.2(university) -DNDEBUG  -D_NTSYSTEM_ -DNT_SMT -DNTOS_KERNEL_RUNTIME=1  -EP objamd64\wrkamd64.pp > EXE\wrkamd64.def
  wrkamd64.pp
  	del objamd64\wrkamd64.pp
  	lib.exe -nologo -LIBPATH:C:\Users\Administrator\Desktop\CSC362_Windows_Resources\WindowsResearchKernel-WRK\WRK-v1.2\base\ntos\BUILD\objamd64 -LIBPATH:PREBUILT\amd64 -IGNORE:4108,4088,4218,4218,4235 -IGNORE:4108,4088,4218,4218,4235 -IGNORE:4010,4037,4039,4065,4070,4078,4087,4089,4221,4198 -WX -nodefaultlib -machine:amd64 -IGNORE:4001 objamd64\*.lib ntoswrk.lib -def:EXE\wrkamd64.def -out:EXE\wrkamd64.lib
     Creating library EXE\wrkamd64.lib and object EXE\wrkamd64.exp
  	lib.exe -nologo -LIBPATH:C:\Users\Administrator\Desktop\CSC362_Windows_Resources\WindowsResearchKernel-WRK\WRK-v1.2\base\ntos\BUILD\objamd64 -LIBPATH:PREBUILT\amd64 EXE\wrkamd64.lib ntosarch.lib -out:EXE\wrkamd64.lib
  	link.exe -nologo -IGNORE:4108,4088,4218,4218,4235 -IGNORE:4087,4001,4010,4037,4039,4065,4070,4078,4087,4089,4221,4198 -WX -NODEFAULTLIB -machine:amd64 -LIBPATH:C:\Users\Administrator\Desktop\CSC362_Windows_Resources\WindowsResearchKernel-WRK\WRK-v1.2\base\ntos\BUILD\objamd64 -LIBPATH:PREBUILT\amd64 -release -version:5.2 -osversion:5.2 -subsystem:native,5.02 -merge:PAGECONST=PAGE -merge:INITCONST=INIT -merge:INITDATA=INIT -merge:PAGELKCONST=PAGELK  -merge:PAGEVRFY_CONST=PAGEVRFY -MERGE:_PAGE=PAGE -MERGE:_TEXT=.text -merge:.rdata=.text -SECTION:INIT,d -OPT:REF -OPT:ICF -INCREMENTAL:NO  -FULLBUILD -debug -functionpadmin:6 -debugtype:cv,fixup,pdata -STACK:0x80000,0x2000 -opt:nowin98 -pdbcompress -driver -out:EXE\wrkamd64.exe -map:EXE\wrkamd64.map -pdb:EXE\wrkamd64.pdb -entry:KiSystemStartup  PREBUILT\amd64\hotpatch.obj PREBUILT\amd64\ntoskrnl.res objamd64\ntkrnlmp.obj objamd64\*.lib ntoswrk.lib hal.lib EXE\wrkamd64.exp bootvid.lib sdbapint.lib kdcom.lib
  	link.exe -edit -nologo -section:.rsrc,!d EXE\wrkamd64.exe
  
